#
# A fatal error has been detected by the Java Runtime Environment:
#
#  EXCEPTION_ACCESS_VIOLATION (0xc0000005) at pc=0x00007ffb6767e0a9, pid=14928, tid=15312
#
# JRE version: OpenJDK Runtime Environment Microsoft-8297089 (17.0.8.1+1) (build 17.0.8.1+1-LTS)
# Java VM: OpenJDK 64-Bit Server VM Microsoft-8297089 (17.0.8.1+1-LTS, mixed mode, sharing, tiered, compressed oops, compressed class ptrs, g1 gc, windows-amd64)
# Problematic frame:
# V  [jvm.dll+0x2be0a9]
#
# No core dump will be written. Minidumps are not enabled by default on client versions of Windows
#
# If you would like to submit a bug report, please visit:
#   https://github.com/microsoft/openjdk/issues
#

---------------  S U M M A R Y ------------

Command Line: -XX:MaxMetaspaceSize=512m --add-opens=java.base/java.util=ALL-UNNAMED --add-opens=java.base/java.lang=ALL-UNNAMED --add-opens=java.base/java.lang.invoke=ALL-UNNAMED --add-opens=java.prefs/java.util.prefs=ALL-UNNAMED --add-opens=java.base/java.nio.charset=ALL-UNNAMED --add-opens=java.base/java.net=ALL-UNNAMED --add-opens=java.base/java.util.concurrent.atomic=ALL-UNNAMED -Xmx2048m -Dfile.encoding=windows-1252 -Duser.country=ID -Duser.language=en -Duser.variant org.gradle.launcher.daemon.bootstrap.GradleDaemon 8.0.1

Host: Intel(R) Core(TM) i3-1005G1 CPU @ 1.20GHz, 4 cores, 7G,  Windows 11 , 64 bit Build 22621 (10.0.22621.2506)
Time: Wed Dec 27 21:01:49 2023 SE Asia Standard Time elapsed time: 189.842393 seconds (0d 0h 3m 9s)

---------------  T H R E A D  ---------------

Current thread (0x000001fd203c6500):  JavaThread "C2 CompilerThread0" daemon [_thread_in_native, id=15312, stack(0x000000261a300000,0x000000261a400000)]


Current CompileTask:
C2: 189842 15115   !   4       org.gradle.cache.internal.DefaultMultiProcessSafePersistentIndexedCache::getIfPresent (25 bytes)

Stack: [0x000000261a300000,0x000000261a400000],  sp=0x000000261a3fb240,  free space=1004k
Native frames: (J=compiled Java code, j=interpreted, Vv=VM code, C=native code)
V  [jvm.dll+0x2be0a9]
V  [jvm.dll+0x21ba8b]
V  [jvm.dll+0x21944b]
V  [jvm.dll+0x1a56b6]
V  [jvm.dll+0x2291ea]
V  [jvm.dll+0x22724c]
V  [jvm.dll+0x7efd0c]
V  [jvm.dll+0x7ea13a]
V  [jvm.dll+0x67ad85]
C  [ucrtbase.dll+0x29363]
C  [KERNEL32.DLL+0x1257d]
C  [ntdll.dll+0x5aa58]


siginfo: EXCEPTION_ACCESS_VIOLATION (0xc0000005), reading address 0x0000000000000028


Register to memory mapping:

RIP=0x00007ffb6767e0a9 jvm.dll
RAX=0x000001fd4aa3a020 points into unknown readable memory: 0x0000000000000000 | 00 00 00 00 00 00 00 00
RBX=0x00000000000017d1 is an unknown value
RCX=0x0 is NULL
RDX=0x0 is NULL
RSP=0x000000261a3fb240 is pointing into the stack for thread: 0x000001fd203c6500
RBP=0x000000261a3fb2b0 is pointing into the stack for thread: 0x000001fd203c6500
RSI=0x0 is NULL
RDI=0x0000000000000048 is an unknown value
R8 =0x000000000000ffe0 is an unknown value
R9 =0x0 is NULL
R10=0x00007ffbc45e0000 VCRUNTIME140.dll
R11=0x000001fd4aa3a040 points into unknown readable memory: 0x0000000000000000 | 00 00 00 00 00 00 00 00
R12=0x0000000000000050 is an unknown value
R13=0x0 is NULL
R14=0x0 is NULL
R15=0x000000261a3fe460 is pointing into the stack for thread: 0x000001fd203c6500


Registers:
RAX=0x000001fd4aa3a020, RBX=0x00000000000017d1, RCX=0x0000000000000000, RDX=0x0000000000000000
RSP=0x000000261a3fb240, RBP=0x000000261a3fb2b0, RSI=0x0000000000000000, RDI=0x0000000000000048
R8 =0x000000000000ffe0, R9 =0x0000000000000000, R10=0x00007ffbc45e0000, R11=0x000001fd4aa3a040
R12=0x0000000000000050, R13=0x0000000000000000, R14=0x0000000000000000, R15=0x000000261a3fe460
RIP=0x00007ffb6767e0a9, EFLAGS=0x0000000000010202

Top of Stack: (sp=0x000000261a3fb240)
0x000000261a3fb240:   00000000000017d1 0000000000000000
0x000000261a3fb250:   000000261a3fe460 00007ffb675e38d1
0x000000261a3fb260:   000001fd203b11d0 00007ffb00002000
0x000000261a3fb270:   000001fd4aa3a020 0000000000000000
0x000000261a3fb280:   0000000000000002 000001fd44a1e450
0x000000261a3fb290:   0000000000000002 000001fd203b11d0
0x000000261a3fb2a0:   0000000000000000 0000000000000000
0x000000261a3fb2b0:   000001fd02814870 000001fd0281b1b0
0x000000261a3fb2c0:   0000000000000048 00007ffb67d04c08
0x000000261a3fb2d0:   000000261a3fb3e0 00007ffb675dba8b
0x000000261a3fb2e0:   000000261a3fe460 00007ffb67d04c08
0x000000261a3fb2f0:   000000261a3fe460 000000261a3fb3e0
0x000000261a3fb300:   000001fd00000000 00007ffb679db7fb
0x000000261a3fb310:   000000260000000f 000000261a3fe460
0x000000261a3fb320:   000000261a3fb490 0000000000000000
0x000000261a3fb330:   000001fd00000100 00007ffb67d04c08 

Instructions: (pc=0x00007ffb6767e0a9)
0x00007ffb6767dfa9:   3b d0 75 0b ff c1 41 3b c9 7c dc 48 8b c2 c3 33
0x00007ffb6767dfb9:   c0 c3 cc cc cc cc cc 48 89 5c 24 18 55 56 57 41
0x00007ffb6767dfc9:   55 41 57 48 8b ec 48 83 ec 70 65 48 8b 04 25 58
0x00007ffb6767dfd9:   00 00 00 48 8b f2 44 8b 05 92 8b 90 00 4c 8b f9
0x00007ffb6767dfe9:   4a 8b 1c c0 b8 50 00 00 00 80 3c 18 00 75 05 e8
0x00007ffb6767dff9:   8b 6f 5d 00 b8 20 00 00 00 48 8b 04 18 48 8b 98
0x00007ffb6767e009:   38 02 00 00 48 89 5d b0 c7 45 b8 04 00 00 00 48
0x00007ffb6767e019:   8b 43 18 48 83 f8 df 76 18 4c 8d 05 37 a9 65 00
0x00007ffb6767e029:   ba 20 00 00 00 48 8b cb e8 5a eb de ff 48 8b 43
0x00007ffb6767e039:   18 48 8d 48 20 48 3b 4b 20 76 11 45 33 c0 48 8b
0x00007ffb6767e049:   cb 41 8d 50 20 e8 fd e8 de ff eb 04 48 89 4b 18
0x00007ffb6767e059:   44 8b 45 b8 33 d2 49 c1 e0 03 48 8b c8 48 89 45
0x00007ffb6767e069:   c0 e8 e3 80 5d 00 45 33 ed 48 8d 4d d0 44 89 6d
0x00007ffb6767e079:   c8 e8 01 59 56 00 41 8b 9f 40 02 00 00 41 2b 9f
0x00007ffb6767e089:   68 02 00 00 44 89 6d f0 3b 5d b8 72 0b 8b d3 48
0x00007ffb6767e099:   8d 4d b0 e8 6f b3 39 00 48 8b 45 c0 4c 89 2c d8
0x00007ffb6767e0a9:   8b 7e 28 8b df c1 eb 05 3b 5d d0 72 0b 8b d3 48
0x00007ffb6767e0b9:   8d 4d d0 e8 1f 59 56 00 48 8b 45 d8 83 e7 1f 48
0x00007ffb6767e0c9:   8d 14 98 40 0f b6 cf 41 b8 01 00 00 00 41 d3 e0
0x00007ffb6767e0d9:   8b 0a 8b c1 41 0b c0 89 02 41 85 c8 75 21 8b 5d
0x00007ffb6767e0e9:   c8 8d 43 01 89 45 c8 3b 5d b8 72 0b 8b d3 48 8d
0x00007ffb6767e0f9:   4d b0 e8 10 b3 39 00 48 8b 45 c0 48 89 34 d8 44
0x00007ffb6767e109:   39 6d c8 0f 86 77 01 00 00 4c 89 a4 24 a0 00 00
0x00007ffb6767e119:   00 4c 89 b4 24 a8 00 00 00 48 8b 45 c0 41 8b cd
0x00007ffb6767e129:   48 8b 34 c8 8b 46 2c 25 ff 1f 00 00 3d 04 10 00
0x00007ffb6767e139:   00 0f 85 a7 00 00 00 bb 01 00 00 00 39 5e 18 76
0x00007ffb6767e149:   39 66 0f 1f 44 00 00 48 8b 46 08 8b cb 48 8b 14
0x00007ffb6767e159:   c8 48 85 d2 74 1d 48 83 7a 10 00 74 16 80 7a 2c
0x00007ffb6767e169:   84 74 10 e8 7f 7e ee ff 48 8b d0 49 8b cf e8 a4
0x00007ffb6767e179:   61 f6 ff ff c3 3b 5e 18 72 cd 48 8b 5e 10 8b 46
0x00007ffb6767e189:   20 4c 8d 34 c3 49 3b de 73 54 48 8b 3b 8b 47 2c
0x00007ffb6767e199:   83 e0 03 3c 03 75 2e 48 8b 07 48 8b cf ff 90 88 


Stack slot to memory mapping:
stack at sp + 0 slots: 0x00000000000017d1 is an unknown value
stack at sp + 1 slots: 0x0 is NULL
stack at sp + 2 slots: 0x000000261a3fe460 is pointing into the stack for thread: 0x000001fd203c6500
stack at sp + 3 slots: 0x00007ffb675e38d1 jvm.dll
stack at sp + 4 slots: 0x000001fd203b11d0 points into unknown readable memory: 0x0000000000000006 | 06 00 00 00 00 00 00 00
stack at sp + 5 slots: 0x00007ffb00002000 is an unknown value
stack at sp + 6 slots: 0x000001fd4aa3a020 points into unknown readable memory: 0x0000000000000000 | 00 00 00 00 00 00 00 00
stack at sp + 7 slots: 0x0 is NULL


---------------  P R O C E S S  ---------------

Threads class SMR info:
_java_thread_list=0x000001fd44d9a570, length=91, elements={
0x000001fd02802de0, 0x000001fd203a1930, 0x000001fd203a24f0, 0x000001fd203bf9f0,
0x000001fd203c43e0, 0x000001fd203c4da0, 0x000001fd203c5760, 0x000001fd203c6500,
0x000001fd203c8fc0, 0x000001fd2041be70, 0x000001fd205fdf50, 0x000001fd2060a450,
0x000001fd40b4b920, 0x000001fd20836060, 0x000001fd205b7bd0, 0x000001fd2072cb10,
0x000001fd42017530, 0x000001fd420181b0, 0x000001fd205b4480, 0x000001fd205b3f70,
0x000001fd205b4990, 0x000001fd205b4ea0, 0x000001fd205b53b0, 0x000001fd205b1c00,
0x000001fd205b3a60, 0x000001fd205b2620, 0x000001fd205b3040, 0x000001fd205b2b30,
0x000001fd205b3550, 0x000001fd416f64d0, 0x000001fd416f4670, 0x000001fd416f13d0,
0x000001fd416f04a0, 0x000001fd416f5ab0, 0x000001fd416efa80, 0x000001fd416f3c50,
0x000001fd416f5fc0, 0x000001fd416f4160, 0x000001fd416f4b80, 0x000001fd416f1df0,
0x000001fd416f3740, 0x000001fd416f69e0, 0x000001fd416f5090, 0x000001fd416ef570,
0x000001fd416f09b0, 0x000001fd416f0ec0, 0x000001fd416f2d20, 0x000001fd416eff90,
0x000001fd416f18e0, 0x000001fd416f3230, 0x000001fd420dfd90, 0x000001fd420dac90,
0x000001fd420df880, 0x000001fd420dbbc0, 0x000001fd420de950, 0x000001fd420e02a0,
0x000001fd420db1a0, 0x000001fd420e11d0, 0x000001fd420da270, 0x000001fd420d9d60,
0x000001fd420db6b0, 0x000001fd420da780, 0x000001fd420dee60, 0x000001fd420dd510,
0x000001fd420e07b0, 0x000001fd420dda20, 0x000001fd420e0cc0, 0x000001fd420dcaf0,
0x000001fd420df370, 0x000001fd41f960d0, 0x000001fd41f965e0, 0x000001fd41f92e30,
0x000001fd41f94c90, 0x000001fd41f956b0, 0x000001fd41f93340, 0x000001fd41f93850,
0x000001fd41f93d60, 0x000001fd41f951a0, 0x000001fd41f95bc0, 0x000001fd41f94270,
0x000001fd41f94780, 0x000001fd4213e220, 0x000001fd4213a050, 0x000001fd42140080,
0x000001fd4213c8d0, 0x000001fd4213e730, 0x000001fd4213c3c0, 0x000001fd4213aa70,
0x000001fd42140fb0, 0x000001fd420de440, 0x000001fd416f2300
}

Java Threads: ( => current thread )
  0x000001fd02802de0 JavaThread "main" [_thread_blocked, id=15780, stack(0x0000002619600000,0x0000002619700000)]
  0x000001fd203a1930 JavaThread "Reference Handler" daemon [_thread_blocked, id=12168, stack(0x0000002619d00000,0x0000002619e00000)]
  0x000001fd203a24f0 JavaThread "Finalizer" daemon [_thread_blocked, id=3796, stack(0x0000002619e00000,0x0000002619f00000)]
  0x000001fd203bf9f0 JavaThread "Signal Dispatcher" daemon [_thread_blocked, id=8176, stack(0x0000002619f00000,0x000000261a000000)]
  0x000001fd203c43e0 JavaThread "Attach Listener" daemon [_thread_blocked, id=16816, stack(0x000000261a000000,0x000000261a100000)]
  0x000001fd203c4da0 JavaThread "Service Thread" daemon [_thread_blocked, id=1520, stack(0x000000261a100000,0x000000261a200000)]
  0x000001fd203c5760 JavaThread "Monitor Deflation Thread" daemon [_thread_blocked, id=13960, stack(0x000000261a200000,0x000000261a300000)]
=>0x000001fd203c6500 JavaThread "C2 CompilerThread0" daemon [_thread_in_native, id=15312, stack(0x000000261a300000,0x000000261a400000)]
  0x000001fd203c8fc0 JavaThread "C1 CompilerThread0" daemon [_thread_blocked, id=1500, stack(0x000000261a400000,0x000000261a500000)]
  0x000001fd2041be70 JavaThread "Sweeper thread" daemon [_thread_blocked, id=16708, stack(0x000000261a500000,0x000000261a600000)]
  0x000001fd205fdf50 JavaThread "Common-Cleaner" daemon [_thread_blocked, id=7180, stack(0x000000261a600000,0x000000261a700000)]
  0x000001fd2060a450 JavaThread "Notification Thread" daemon [_thread_blocked, id=18216, stack(0x000000261a700000,0x000000261a800000)]
  0x000001fd40b4b920 JavaThread "Daemon health stats" [_thread_blocked, id=3920, stack(0x000000261ac00000,0x000000261ad00000)]
  0x000001fd20836060 JavaThread "Incoming local TCP Connector on port 2951" [_thread_in_native, id=6296, stack(0x000000261ad00000,0x000000261ae00000)]
  0x000001fd205b7bd0 JavaThread "Daemon periodic checks" [_thread_blocked, id=13796, stack(0x000000261ae00000,0x000000261af00000)]
  0x000001fd2072cb10 JavaThread "Daemon" [_thread_blocked, id=1536, stack(0x000000261af00000,0x000000261b000000)]
  0x000001fd42017530 JavaThread "Handler for socket connection from /127.0.0.1:2951 to /127.0.0.1:2952" [_thread_in_native, id=9516, stack(0x000000261b000000,0x000000261b100000)]
  0x000001fd420181b0 JavaThread "Cancel handler" [_thread_blocked, id=2504, stack(0x000000261b100000,0x000000261b200000)]
  0x000001fd205b4480 JavaThread "Daemon worker" [_thread_blocked, id=11800, stack(0x000000261b200000,0x000000261b300000)]
  0x000001fd205b3f70 JavaThread "Asynchronous log dispatcher for DefaultDaemonConnection: socket connection from /127.0.0.1:2951 to /127.0.0.1:2952" [_thread_blocked, id=3932, stack(0x000000261b300000,0x000000261b400000)]
  0x000001fd205b4990 JavaThread "Stdin handler" [_thread_blocked, id=16524, stack(0x000000261b400000,0x000000261b500000)]
  0x000001fd205b4ea0 JavaThread "Daemon client event forwarder" [_thread_blocked, id=9540, stack(0x000000261b500000,0x000000261b600000)]
  0x000001fd205b53b0 JavaThread "Cache worker for journal cache (C:\Users\mafruhah\.gradle\caches\journal-1)" [_thread_blocked, id=15488, stack(0x000000261b600000,0x000000261b700000)]
  0x000001fd205b1c00 JavaThread "File lock request listener" [_thread_in_native, id=13052, stack(0x000000261b700000,0x000000261b800000)]
  0x000001fd205b3a60 JavaThread "Cache worker for file hash cache (C:\Users\mafruhah\.gradle\caches\8.0.1\fileHashes)" [_thread_blocked, id=8316, stack(0x000000261b800000,0x000000261b900000)]
  0x000001fd205b2620 JavaThread "File watcher server" daemon [_thread_in_native, id=8656, stack(0x000000261b900000,0x000000261ba00000)]
  0x000001fd205b3040 JavaThread "File watcher consumer" daemon [_thread_blocked, id=12476, stack(0x000000261ba00000,0x000000261bb00000)]
  0x000001fd205b2b30 JavaThread "Cache worker for checksums cache (D:\PROJECT\Bola\android\.gradle\8.0.1\checksums)" [_thread_blocked, id=7520, stack(0x000000261bb00000,0x000000261bc00000)]
  0x000001fd205b3550 JavaThread "Cache worker for cache directory md-rule (C:\Users\mafruhah\.gradle\caches\8.0.1\md-rule)" [_thread_blocked, id=9600, stack(0x000000261bc00000,0x000000261bd00000)]
  0x000001fd416f64d0 JavaThread "Cache worker for file content cache (C:\Users\mafruhah\.gradle\caches\8.0.1\fileContent)" [_thread_blocked, id=18012, stack(0x000000261bd00000,0x000000261be00000)]
  0x000001fd416f4670 JavaThread "Cache worker for file hash cache (D:\PROJECT\Bola\android\.gradle\8.0.1\fileHashes)" [_thread_blocked, id=7636, stack(0x000000261be00000,0x000000261bf00000)]
  0x000001fd416f13d0 JavaThread "Cache worker for cache directory md-supplier (C:\Users\mafruhah\.gradle\caches\8.0.1\md-supplier)" [_thread_blocked, id=4364, stack(0x000000261c000000,0x000000261c100000)]
  0x000001fd416f04a0 JavaThread "Cache worker for execution history cache (C:\Users\mafruhah\.gradle\caches\8.0.1\executionHistory)" [_thread_blocked, id=17052, stack(0x000000261c100000,0x000000261c200000)]
  0x000001fd416f5ab0 JavaThread "jar transforms" [_thread_blocked, id=3068, stack(0x000000261c300000,0x000000261c400000)]
  0x000001fd416efa80 JavaThread "jar transforms Thread 2" [_thread_blocked, id=8212, stack(0x000000261c400000,0x000000261c500000)]
  0x000001fd416f3c50 JavaThread "jar transforms Thread 3" [_thread_blocked, id=15104, stack(0x000000261c500000,0x000000261c600000)]
  0x000001fd416f5fc0 JavaThread "jar transforms Thread 4" [_thread_blocked, id=12612, stack(0x000000261c600000,0x000000261c700000)]
  0x000001fd416f4160 JavaThread "Cache worker for kotlin-dsl (C:\Users\mafruhah\.gradle\caches\8.0.1\kotlin-dsl)" [_thread_blocked, id=16612, stack(0x000000261ca00000,0x000000261cb00000)]
  0x000001fd416f4b80 JavaThread "Cache worker for dependencies-accessors (D:\PROJECT\Bola\android\.gradle\8.0.1\dependencies-accessors)" [_thread_blocked, id=10392, stack(0x000000261c900000,0x000000261ca00000)]
  0x000001fd416f1df0 JavaThread "Cache worker for Build Output Cleanup Cache (D:\PROJECT\Bola\node_modules\@react-native\gradle-plugin\.gradle\buildOutputCleanup)" [_thread_blocked, id=3008, stack(0x000000261cb00000,0x000000261cc00000)]
  0x000001fd416f3740 JavaThread "Unconstrained build operations" [_thread_blocked, id=2516, stack(0x000000261cc00000,0x000000261cd00000)]
  0x000001fd416f69e0 JavaThread "Unconstrained build operations Thread 2" [_thread_blocked, id=14236, stack(0x000000261cd00000,0x000000261ce00000)]
  0x000001fd416f5090 JavaThread "Unconstrained build operations Thread 3" [_thread_blocked, id=13992, stack(0x000000261ce00000,0x000000261cf00000)]
  0x000001fd416ef570 JavaThread "Unconstrained build operations Thread 4" [_thread_blocked, id=12268, stack(0x000000261cf00000,0x000000261d000000)]
  0x000001fd416f09b0 JavaThread "Unconstrained build operations Thread 5" [_thread_blocked, id=6256, stack(0x000000261d000000,0x000000261d100000)]
  0x000001fd416f0ec0 JavaThread "Unconstrained build operations Thread 6" [_thread_blocked, id=16688, stack(0x000000261d100000,0x000000261d200000)]
  0x000001fd416f2d20 JavaThread "Unconstrained build operations Thread 7" [_thread_blocked, id=19164, stack(0x000000261d200000,0x000000261d300000)]
  0x000001fd416eff90 JavaThread "Unconstrained build operations Thread 8" [_thread_blocked, id=5844, stack(0x000000261d300000,0x000000261d400000)]
  0x000001fd416f18e0 JavaThread "Unconstrained build operations Thread 9" [_thread_blocked, id=11312, stack(0x000000261d400000,0x000000261d500000)]
  0x000001fd416f3230 JavaThread "Unconstrained build operations Thread 10" [_thread_blocked, id=12896, stack(0x000000261d500000,0x000000261d600000)]
  0x000001fd420dfd90 JavaThread "Unconstrained build operations Thread 11" [_thread_blocked, id=9428, stack(0x000000261d600000,0x000000261d700000)]
  0x000001fd420dac90 JavaThread "Unconstrained build operations Thread 12" [_thread_blocked, id=13848, stack(0x000000261d700000,0x000000261d800000)]
  0x000001fd420df880 JavaThread "Unconstrained build operations Thread 13" [_thread_blocked, id=17020, stack(0x000000261d800000,0x000000261d900000)]
  0x000001fd420dbbc0 JavaThread "Unconstrained build operations Thread 14" [_thread_blocked, id=14596, stack(0x000000261d900000,0x000000261da00000)]
  0x000001fd420de950 JavaThread "Unconstrained build operations Thread 15" [_thread_blocked, id=13024, stack(0x000000261da00000,0x000000261db00000)]
  0x000001fd420e02a0 JavaThread "Unconstrained build operations Thread 16" [_thread_blocked, id=11404, stack(0x000000261db00000,0x000000261dc00000)]
  0x000001fd420db1a0 JavaThread "Unconstrained build operations Thread 17" [_thread_blocked, id=1496, stack(0x000000261dc00000,0x000000261dd00000)]
  0x000001fd420e11d0 JavaThread "Unconstrained build operations Thread 18" [_thread_blocked, id=14752, stack(0x000000261dd00000,0x000000261de00000)]
  0x000001fd420da270 JavaThread "Unconstrained build operations Thread 19" [_thread_blocked, id=18188, stack(0x000000261de00000,0x000000261df00000)]
  0x000001fd420d9d60 JavaThread "Unconstrained build operations Thread 20" [_thread_blocked, id=17944, stack(0x000000261df00000,0x000000261e000000)]
  0x000001fd420db6b0 JavaThread "Unconstrained build operations Thread 21" [_thread_blocked, id=11432, stack(0x000000261e000000,0x000000261e100000)]
  0x000001fd420da780 JavaThread "Unconstrained build operations Thread 22" [_thread_blocked, id=16988, stack(0x000000261e100000,0x000000261e200000)]
  0x000001fd420dee60 JavaThread "Unconstrained build operations Thread 23" [_thread_blocked, id=19192, stack(0x000000261e200000,0x000000261e300000)]
  0x000001fd420dd510 JavaThread "Unconstrained build operations Thread 24" [_thread_blocked, id=12360, stack(0x000000261e300000,0x000000261e400000)]
  0x000001fd420e07b0 JavaThread "Unconstrained build operations Thread 25" [_thread_blocked, id=16212, stack(0x000000261e400000,0x000000261e500000)]
  0x000001fd420dda20 JavaThread "Unconstrained build operations Thread 26" [_thread_blocked, id=18760, stack(0x000000261e500000,0x000000261e600000)]
  0x000001fd420e0cc0 JavaThread "Memory manager" [_thread_blocked, id=16832, stack(0x000000261e600000,0x000000261e700000)]
  0x000001fd420dcaf0 JavaThread "Cache worker for Build Output Cleanup Cache (D:\PROJECT\Bola\android\.gradle\buildOutputCleanup)" [_thread_blocked, id=3228, stack(0x0000002619400000,0x0000002619500000)]
  0x000001fd420df370 JavaThread "Execution worker" [_thread_blocked, id=16056, stack(0x000000261e700000,0x000000261e800000)]
  0x000001fd41f960d0 JavaThread "Execution worker Thread 2" [_thread_blocked, id=9388, stack(0x000000261e800000,0x000000261e900000)]
  0x000001fd41f965e0 JavaThread "Execution worker Thread 3" [_thread_blocked, id=12232, stack(0x000000261e900000,0x000000261ea00000)]
  0x000001fd41f92e30 JavaThread "Cache worker for execution history cache (D:\PROJECT\Bola\node_modules\@react-native\gradle-plugin\.gradle\8.0.1\executionHistory)" [_thread_blocked, id=11380, stack(0x000000261ea00000,0x000000261eb00000)]
  0x000001fd41f94c90 JavaThread "Unconstrained build operations Thread 27" [_thread_blocked, id=18228, stack(0x000000261eb00000,0x000000261ec00000)]
  0x000001fd41f956b0 JavaThread "Unconstrained build operations Thread 28" [_thread_blocked, id=6060, stack(0x000000261ec00000,0x000000261ed00000)]
  0x000001fd41f93340 JavaThread "Unconstrained build operations Thread 29" [_thread_blocked, id=8256, stack(0x000000261ed00000,0x000000261ee00000)]
  0x000001fd41f93850 JavaThread "Unconstrained build operations Thread 30" [_thread_blocked, id=18248, stack(0x000000261ee00000,0x000000261ef00000)]
  0x000001fd41f93d60 JavaThread "Unconstrained build operations Thread 31" [_thread_blocked, id=9828, stack(0x000000261ef00000,0x000000261f000000)]
  0x000001fd41f951a0 JavaThread "Unconstrained build operations Thread 32" [_thread_blocked, id=5476, stack(0x000000261f000000,0x000000261f100000)]
  0x000001fd41f95bc0 JavaThread "Unconstrained build operations Thread 33" [_thread_blocked, id=12332, stack(0x000000261f100000,0x000000261f200000)]
  0x000001fd41f94270 JavaThread "Unconstrained build operations Thread 34" [_thread_blocked, id=18092, stack(0x000000261f200000,0x000000261f300000)]
  0x000001fd41f94780 JavaThread "Unconstrained build operations Thread 35" [_thread_in_native, id=15876, stack(0x000000261f300000,0x000000261f400000)]
  0x000001fd4213e220 JavaThread "Unconstrained build operations Thread 36" [_thread_blocked, id=748, stack(0x000000261f400000,0x000000261f500000)]
  0x000001fd4213a050 JavaThread "Unconstrained build operations Thread 37" [_thread_blocked, id=7452, stack(0x000000261f500000,0x000000261f600000)]
  0x000001fd42140080 JavaThread "Unconstrained build operations Thread 38" [_thread_blocked, id=3412, stack(0x000000261f600000,0x000000261f700000)]
  0x000001fd4213c8d0 JavaThread "Unconstrained build operations Thread 39" [_thread_blocked, id=11408, stack(0x000000261f700000,0x000000261f800000)]
  0x000001fd4213e730 JavaThread "Unconstrained build operations Thread 40" [_thread_blocked, id=17860, stack(0x000000261f800000,0x000000261f900000)]
  0x000001fd4213c3c0 JavaThread "File lock release action executor Thread 2" [_thread_blocked, id=17396, stack(0x0000002619500000,0x0000002619600000)]
  0x000001fd4213aa70 JavaThread "pool-3-thread-1" [_thread_blocked, id=4812, stack(0x000000261c200000,0x000000261c300000)]
  0x000001fd42140fb0 JavaThread "build event listener" [_thread_blocked, id=13524, stack(0x000000261c800000,0x000000261c900000)]
  0x000001fd420de440 JavaThread "included builds Thread 2" [_thread_blocked, id=14008, stack(0x000000261f900000,0x000000261fa00000)]
  0x000001fd416f2300 JavaThread "Cache worker for execution history cache (D:\PROJECT\Bola\android\.gradle\8.0.1\executionHistory)" [_thread_blocked, id=7884, stack(0x000000261fa00000,0x000000261fb00000)]

Other Threads:
  0x000001fd2039eb40 VMThread "VM Thread" [stack: 0x0000002619c00000,0x0000002619d00000] [id=9376]
  0x000001fd2060a930 WatcherThread [stack: 0x000000261a800000,0x000000261a900000] [id=14956]
  0x000001fd0285f340 GCTaskThread "GC Thread#0" [stack: 0x0000002619700000,0x0000002619800000] [id=14036]
  0x000001fd400489a0 GCTaskThread "GC Thread#1" [stack: 0x000000261a900000,0x000000261aa00000] [id=11816]
  0x000001fd40048c60 GCTaskThread "GC Thread#2" [stack: 0x000000261aa00000,0x000000261ab00000] [id=17464]
  0x000001fd4089af60 GCTaskThread "GC Thread#3" [stack: 0x000000261ab00000,0x000000261ac00000] [id=11600]
  0x000001fd02870290 ConcurrentGCThread "G1 Main Marker" [stack: 0x0000002619800000,0x0000002619900000] [id=1368]
  0x000001fd02870ca0 ConcurrentGCThread "G1 Conc#0" [stack: 0x0000002619900000,0x0000002619a00000] [id=876]
  0x000001fd028aecc0 ConcurrentGCThread "G1 Refine#0" [stack: 0x0000002619a00000,0x0000002619b00000] [id=18668]
  0x000001fd41b409c0 ConcurrentGCThread "G1 Refine#1" [stack: 0x000000261bf00000,0x000000261c000000] [id=9616]
  0x000001fd2025a840 ConcurrentGCThread "G1 Service" [stack: 0x0000002619b00000,0x0000002619c00000] [id=7508]

Threads with active compile tasks:
C2 CompilerThread0   190015 15115   !   4       org.gradle.cache.internal.DefaultMultiProcessSafePersistentIndexedCache::getIfPresent (25 bytes)

VM state: not at safepoint (normal execution)

VM Mutex/Monitor currently owned by a thread: None

Heap address: 0x0000000080000000, size: 2048 MB, Compressed Oops mode: 32-bit

CDS archive(s) mapped at: [0x000001fd21000000-0x000001fd21bd0000-0x000001fd21bd0000), size 12386304, SharedBaseAddress: 0x000001fd21000000, ArchiveRelocationMode: 1.
Compressed class space mapped at: 0x000001fd22000000-0x000001fd3c000000, reserved size: 436207616
Narrow klass base: 0x000001fd21000000, Narrow klass shift: 0, Narrow klass range: 0x100000000

GC Precious Log:
 CPUs: 4 total, 4 available
 Memory: 7958M
 Large Page Support: Disabled
 NUMA Support: Disabled
 Compressed Oops: Enabled (32-bit)
 Heap Region Size: 1M
 Heap Min Capacity: 8M
 Heap Initial Capacity: 126M
 Heap Max Capacity: 2G
 Pre-touch: Disabled
 Parallel Workers: 4
 Concurrent Workers: 1
 Concurrent Refinement Workers: 4
 Periodic GC: Disabled

Heap:
 garbage-first heap   total 218112K, used 174876K [0x0000000080000000, 0x0000000100000000)
  region size 1024K, 20 young (20480K), 4 survivors (4096K)
 Metaspace       used 100729K, committed 101632K, reserved 557056K
  class space    used 13676K, committed 14144K, reserved 425984K

Heap Regions: E=young(eden), S=young(survivor), O=old, HS=humongous(starts), HC=humongous(continues), CS=collection set, F=free, OA=open archive, CA=closed archive, TAMS=top-at-mark-start (previous, next)
|   0|0x0000000080000000, 0x0000000080100000, 0x0000000080100000|100%| O|  |TAMS 0x0000000080100000, 0x0000000080000000| Untracked 
|   1|0x0000000080100000, 0x0000000080200000, 0x0000000080200000|100%| O|  |TAMS 0x0000000080200000, 0x0000000080100000| Untracked 
|   2|0x0000000080200000, 0x0000000080300000, 0x0000000080300000|100%|HS|  |TAMS 0x0000000080300000, 0x0000000080200000| Complete 
|   3|0x0000000080300000, 0x0000000080400000, 0x0000000080400000|100%|HC|  |TAMS 0x0000000080400000, 0x0000000080300000| Complete 
|   4|0x0000000080400000, 0x0000000080500000, 0x0000000080500000|100%|HC|  |TAMS 0x0000000080500000, 0x0000000080400000| Complete 
|   5|0x0000000080500000, 0x0000000080600000, 0x0000000080600000|100%|HC|  |TAMS 0x0000000080600000, 0x0000000080500000| Complete 
|   6|0x0000000080600000, 0x0000000080700000, 0x0000000080700000|100%| O|  |TAMS 0x0000000080700000, 0x0000000080600000| Untracked 
|   7|0x0000000080700000, 0x0000000080800000, 0x0000000080800000|100%| O|  |TAMS 0x0000000080800000, 0x0000000080700000| Untracked 
|   8|0x0000000080800000, 0x0000000080900000, 0x0000000080900000|100%| O|  |TAMS 0x0000000080900000, 0x0000000080800000| Untracked 
|   9|0x0000000080900000, 0x0000000080a00000, 0x0000000080a00000|100%| O|  |TAMS 0x0000000080a00000, 0x0000000080900000| Untracked 
|  10|0x0000000080a00000, 0x0000000080b00000, 0x0000000080b00000|100%| O|  |TAMS 0x0000000080b00000, 0x0000000080a00000| Untracked 
|  11|0x0000000080b00000, 0x0000000080c00000, 0x0000000080c00000|100%| O|  |TAMS 0x0000000080c00000, 0x0000000080b00000| Untracked 
|  12|0x0000000080c00000, 0x0000000080d00000, 0x0000000080d00000|100%|HS|  |TAMS 0x0000000080c00000, 0x0000000080c00000| Complete 
|  13|0x0000000080d00000, 0x0000000080e00000, 0x0000000080e00000|100%| O|  |TAMS 0x0000000080e00000, 0x0000000080d00000| Untracked 
|  14|0x0000000080e00000, 0x0000000080f00000, 0x0000000080f00000|100%| O|  |TAMS 0x0000000080f00000, 0x0000000080e00000| Untracked 
|  15|0x0000000080f00000, 0x0000000081000000, 0x0000000081000000|100%| O|  |TAMS 0x0000000081000000, 0x0000000080f00000| Untracked 
|  16|0x0000000081000000, 0x0000000081100000, 0x0000000081100000|100%| O|  |TAMS 0x0000000081100000, 0x0000000081000000| Untracked 
|  17|0x0000000081100000, 0x0000000081200000, 0x0000000081200000|100%| O|  |TAMS 0x0000000081200000, 0x0000000081100000| Untracked 
|  18|0x0000000081200000, 0x0000000081300000, 0x0000000081300000|100%| O|  |TAMS 0x0000000081300000, 0x0000000081200000| Untracked 
|  19|0x0000000081300000, 0x0000000081400000, 0x0000000081400000|100%| O|  |TAMS 0x0000000081400000, 0x0000000081300000| Untracked 
|  20|0x0000000081400000, 0x0000000081500000, 0x0000000081500000|100%|HS|  |TAMS 0x0000000081500000, 0x0000000081400000| Complete 
|  21|0x0000000081500000, 0x0000000081600000, 0x0000000081600000|100%|HS|  |TAMS 0x0000000081600000, 0x0000000081500000| Complete 
|  22|0x0000000081600000, 0x0000000081700000, 0x0000000081700000|100%| O|  |TAMS 0x0000000081700000, 0x0000000081600000| Untracked 
|  23|0x0000000081700000, 0x0000000081800000, 0x0000000081800000|100%| O|  |TAMS 0x0000000081800000, 0x0000000081700000| Untracked 
|  24|0x0000000081800000, 0x0000000081900000, 0x0000000081900000|100%| O|  |TAMS 0x0000000081900000, 0x0000000081800000| Untracked 
|  25|0x0000000081900000, 0x0000000081a00000, 0x0000000081a00000|100%| O|  |TAMS 0x0000000081a00000, 0x0000000081900000| Untracked 
|  26|0x0000000081a00000, 0x0000000081b00000, 0x0000000081b00000|100%| O|  |TAMS 0x0000000081b00000, 0x0000000081a00000| Untracked 
|  27|0x0000000081b00000, 0x0000000081c00000, 0x0000000081c00000|100%| O|  |TAMS 0x0000000081c00000, 0x0000000081b00000| Untracked 
|  28|0x0000000081c00000, 0x0000000081d00000, 0x0000000081d00000|100%| O|  |TAMS 0x0000000081d00000, 0x0000000081c00000| Untracked 
|  29|0x0000000081d00000, 0x0000000081e00000, 0x0000000081e00000|100%|HS|  |TAMS 0x0000000081e00000, 0x0000000081d00000| Complete 
|  30|0x0000000081e00000, 0x0000000081f00000, 0x0000000081f00000|100%|HC|  |TAMS 0x0000000081f00000, 0x0000000081e00000| Complete 
|  31|0x0000000081f00000, 0x0000000082000000, 0x0000000082000000|100%| O|  |TAMS 0x0000000082000000, 0x0000000081f00000| Untracked 
|  32|0x0000000082000000, 0x0000000082100000, 0x0000000082100000|100%| O|  |TAMS 0x0000000082100000, 0x0000000082000000| Untracked 
|  33|0x0000000082100000, 0x0000000082200000, 0x0000000082200000|100%| O|  |TAMS 0x0000000082200000, 0x0000000082100000| Untracked 
|  34|0x0000000082200000, 0x0000000082300000, 0x0000000082300000|100%| O|  |TAMS 0x0000000082300000, 0x0000000082200000| Untracked 
|  35|0x0000000082300000, 0x0000000082400000, 0x0000000082400000|100%| O|  |TAMS 0x0000000082400000, 0x0000000082300000| Untracked 
|  36|0x0000000082400000, 0x0000000082500000, 0x0000000082500000|100%| O|  |TAMS 0x0000000082500000, 0x0000000082400000| Untracked 
|  37|0x0000000082500000, 0x0000000082600000, 0x0000000082600000|100%|HS|  |TAMS 0x0000000082600000, 0x0000000082500000| Complete 
|  38|0x0000000082600000, 0x0000000082700000, 0x0000000082700000|100%|HC|  |TAMS 0x0000000082700000, 0x0000000082600000| Complete 
|  39|0x0000000082700000, 0x0000000082800000, 0x0000000082800000|100%|HC|  |TAMS 0x0000000082800000, 0x0000000082700000| Complete 
|  40|0x0000000082800000, 0x0000000082900000, 0x0000000082900000|100%|HC|  |TAMS 0x0000000082900000, 0x0000000082800000| Complete 
|  41|0x0000000082900000, 0x0000000082a00000, 0x0000000082a00000|100%| O|  |TAMS 0x0000000082a00000, 0x0000000082900000| Untracked 
|  42|0x0000000082a00000, 0x0000000082b00000, 0x0000000082b00000|100%| O|  |TAMS 0x0000000082b00000, 0x0000000082a00000| Untracked 
|  43|0x0000000082b00000, 0x0000000082c00000, 0x0000000082c00000|100%| O|  |TAMS 0x0000000082c00000, 0x0000000082b00000| Untracked 
|  44|0x0000000082c00000, 0x0000000082d00000, 0x0000000082d00000|100%| O|  |TAMS 0x0000000082d00000, 0x0000000082c00000| Untracked 
|  45|0x0000000082d00000, 0x0000000082e00000, 0x0000000082e00000|100%| O|  |TAMS 0x0000000082e00000, 0x0000000082d00000| Untracked 
|  46|0x0000000082e00000, 0x0000000082f00000, 0x0000000082f00000|100%| O|  |TAMS 0x0000000082f00000, 0x0000000082e00000| Untracked 
|  47|0x0000000082f00000, 0x0000000083000000, 0x0000000083000000|100%| O|  |TAMS 0x0000000083000000, 0x0000000082f00000| Untracked 
|  48|0x0000000083000000, 0x0000000083100000, 0x0000000083100000|100%| O|  |TAMS 0x0000000083100000, 0x0000000083000000| Untracked 
|  49|0x0000000083100000, 0x0000000083200000, 0x0000000083200000|100%| O|  |TAMS 0x0000000083200000, 0x0000000083100000| Untracked 
|  50|0x0000000083200000, 0x0000000083300000, 0x0000000083300000|100%|HS|  |TAMS 0x0000000083300000, 0x0000000083200000| Complete 
|  51|0x0000000083300000, 0x0000000083400000, 0x0000000083400000|100%| O|  |TAMS 0x0000000083400000, 0x0000000083300000| Untracked 
|  52|0x0000000083400000, 0x0000000083500000, 0x0000000083500000|100%| O|  |TAMS 0x0000000083500000, 0x0000000083400000| Untracked 
|  53|0x0000000083500000, 0x0000000083600000, 0x0000000083600000|100%| O|  |TAMS 0x0000000083600000, 0x0000000083500000| Untracked 
|  54|0x0000000083600000, 0x0000000083700000, 0x0000000083700000|100%| O|  |TAMS 0x0000000083700000, 0x0000000083600000| Untracked 
|  55|0x0000000083700000, 0x0000000083800000, 0x0000000083800000|100%| O|  |TAMS 0x0000000083800000, 0x0000000083700000| Untracked 
|  56|0x0000000083800000, 0x0000000083900000, 0x0000000083900000|100%| O|  |TAMS 0x0000000083900000, 0x0000000083800000| Untracked 
|  57|0x0000000083900000, 0x0000000083a00000, 0x0000000083a00000|100%| O|  |TAMS 0x0000000083a00000, 0x0000000083900000| Untracked 
|  58|0x0000000083a00000, 0x0000000083b00000, 0x0000000083b00000|100%| O|  |TAMS 0x0000000083b00000, 0x0000000083a00000| Untracked 
|  59|0x0000000083b00000, 0x0000000083c00000, 0x0000000083c00000|100%| O|  |TAMS 0x0000000083c00000, 0x0000000083b00000| Untracked 
|  60|0x0000000083c00000, 0x0000000083d00000, 0x0000000083d00000|100%| O|  |TAMS 0x0000000083d00000, 0x0000000083c00000| Untracked 
|  61|0x0000000083d00000, 0x0000000083e00000, 0x0000000083e00000|100%| O|  |TAMS 0x0000000083e00000, 0x0000000083d00000| Untracked 
|  62|0x0000000083e00000, 0x0000000083f00000, 0x0000000083f00000|100%| O|  |TAMS 0x0000000083f00000, 0x0000000083e00000| Untracked 
|  63|0x0000000083f00000, 0x0000000084000000, 0x0000000084000000|100%| O|  |TAMS 0x0000000084000000, 0x0000000083f00000| Untracked 
|  64|0x0000000084000000, 0x0000000084100000, 0x0000000084100000|100%| O|  |TAMS 0x0000000084100000, 0x0000000084000000| Untracked 
|  65|0x0000000084100000, 0x0000000084200000, 0x0000000084200000|100%| O|  |TAMS 0x0000000084200000, 0x0000000084100000| Untracked 
|  66|0x0000000084200000, 0x0000000084300000, 0x0000000084300000|100%| O|  |TAMS 0x0000000084300000, 0x0000000084200000| Untracked 
|  67|0x0000000084300000, 0x0000000084400000, 0x0000000084400000|100%| O|  |TAMS 0x0000000084400000, 0x0000000084300000| Untracked 
|  68|0x0000000084400000, 0x0000000084500000, 0x0000000084500000|100%| O|  |TAMS 0x0000000084500000, 0x0000000084400000| Untracked 
|  69|0x0000000084500000, 0x0000000084600000, 0x0000000084600000|100%| O|  |TAMS 0x0000000084600000, 0x0000000084500000| Untracked 
|  70|0x0000000084600000, 0x0000000084700000, 0x0000000084700000|100%| O|  |TAMS 0x0000000084700000, 0x0000000084600000| Untracked 
|  71|0x0000000084700000, 0x0000000084800000, 0x0000000084800000|100%| O|  |TAMS 0x0000000084800000, 0x0000000084700000| Untracked 
|  72|0x0000000084800000, 0x0000000084900000, 0x0000000084900000|100%| O|  |TAMS 0x0000000084900000, 0x0000000084800000| Untracked 
|  73|0x0000000084900000, 0x0000000084a00000, 0x0000000084a00000|100%| O|  |TAMS 0x0000000084a00000, 0x0000000084900000| Untracked 
|  74|0x0000000084a00000, 0x0000000084b00000, 0x0000000084b00000|100%| O|  |TAMS 0x0000000084b00000, 0x0000000084a00000| Untracked 
|  75|0x0000000084b00000, 0x0000000084c00000, 0x0000000084c00000|100%| O|  |TAMS 0x0000000084c00000, 0x0000000084b00000| Untracked 
|  76|0x0000000084c00000, 0x0000000084d00000, 0x0000000084d00000|100%| O|  |TAMS 0x0000000084d00000, 0x0000000084c00000| Untracked 
|  77|0x0000000084d00000, 0x0000000084e00000, 0x0000000084e00000|100%| O|  |TAMS 0x0000000084e00000, 0x0000000084d00000| Untracked 
|  78|0x0000000084e00000, 0x0000000084f00000, 0x0000000084f00000|100%| O|  |TAMS 0x0000000084f00000, 0x0000000084e00000| Untracked 
|  79|0x0000000084f00000, 0x0000000085000000, 0x0000000085000000|100%| O|  |TAMS 0x0000000085000000, 0x0000000084f00000| Untracked 
|  80|0x0000000085000000, 0x0000000085100000, 0x0000000085100000|100%| O|  |TAMS 0x0000000085100000, 0x0000000085000000| Untracked 
|  81|0x0000000085100000, 0x0000000085200000, 0x0000000085200000|100%|HS|  |TAMS 0x0000000085200000, 0x0000000085100000| Complete 
|  82|0x0000000085200000, 0x0000000085300000, 0x0000000085300000|100%|HS|  |TAMS 0x0000000085300000, 0x0000000085200000| Complete 
|  83|0x0000000085300000, 0x0000000085400000, 0x0000000085400000|100%|HS|  |TAMS 0x0000000085400000, 0x0000000085300000| Complete 
|  84|0x0000000085400000, 0x0000000085500000, 0x0000000085500000|100%|HC|  |TAMS 0x0000000085500000, 0x0000000085400000| Complete 
|  85|0x0000000085500000, 0x0000000085600000, 0x0000000085600000|100%|HC|  |TAMS 0x0000000085600000, 0x0000000085500000| Complete 
|  86|0x0000000085600000, 0x0000000085700000, 0x0000000085700000|100%| O|  |TAMS 0x0000000085700000, 0x0000000085600000| Untracked 
|  87|0x0000000085700000, 0x0000000085800000, 0x0000000085800000|100%|HS|  |TAMS 0x0000000085800000, 0x0000000085700000| Complete 
|  88|0x0000000085800000, 0x0000000085900000, 0x0000000085900000|100%|HC|  |TAMS 0x0000000085900000, 0x0000000085800000| Complete 
|  89|0x0000000085900000, 0x0000000085a00000, 0x0000000085a00000|100%| O|  |TAMS 0x0000000085a00000, 0x0000000085900000| Untracked 
|  90|0x0000000085a00000, 0x0000000085b00000, 0x0000000085b00000|100%| O|  |TAMS 0x0000000085b00000, 0x0000000085a00000| Untracked 
|  91|0x0000000085b00000, 0x0000000085c00000, 0x0000000085c00000|100%| O|  |TAMS 0x0000000085c00000, 0x0000000085b00000| Untracked 
|  92|0x0000000085c00000, 0x0000000085d00000, 0x0000000085d00000|100%| O|  |TAMS 0x0000000085d00000, 0x0000000085c00000| Untracked 
|  93|0x0000000085d00000, 0x0000000085e00000, 0x0000000085e00000|100%| O|  |TAMS 0x0000000085e00000, 0x0000000085d00000| Untracked 
|  94|0x0000000085e00000, 0x0000000085f00000, 0x0000000085f00000|100%| O|  |TAMS 0x0000000085f00000, 0x0000000085e00000| Untracked 
|  95|0x0000000085f00000, 0x0000000086000000, 0x0000000086000000|100%| O|  |TAMS 0x0000000086000000, 0x0000000085f00000| Untracked 
|  96|0x0000000086000000, 0x0000000086100000, 0x0000000086100000|100%| O|  |TAMS 0x0000000086100000, 0x0000000086000000| Untracked 
|  97|0x0000000086100000, 0x0000000086200000, 0x0000000086200000|100%|HS|  |TAMS 0x0000000086100000, 0x0000000086100000| Complete 
|  98|0x0000000086200000, 0x0000000086300000, 0x0000000086300000|100%| O|  |TAMS 0x0000000086300000, 0x0000000086200000| Untracked 
|  99|0x0000000086300000, 0x0000000086400000, 0x0000000086400000|100%| O|  |TAMS 0x0000000086400000, 0x0000000086300000| Untracked 
| 100|0x0000000086400000, 0x0000000086500000, 0x0000000086500000|100%| O|  |TAMS 0x0000000086500000, 0x0000000086400000| Untracked 
| 101|0x0000000086500000, 0x0000000086600000, 0x0000000086600000|100%|HS|  |TAMS 0x0000000086500000, 0x0000000086500000| Complete 
| 102|0x0000000086600000, 0x0000000086700000, 0x0000000086700000|100%| O|  |TAMS 0x0000000086700000, 0x0000000086600000| Untracked 
| 103|0x0000000086700000, 0x0000000086800000, 0x0000000086800000|100%|HS|  |TAMS 0x0000000086700000, 0x0000000086700000| Complete 
| 104|0x0000000086800000, 0x0000000086900000, 0x0000000086900000|100%|HC|  |TAMS 0x0000000086800000, 0x0000000086800000| Complete 
| 105|0x0000000086900000, 0x0000000086a00000, 0x0000000086a00000|100%|HS|  |TAMS 0x0000000086900000, 0x0000000086900000| Complete 
| 106|0x0000000086a00000, 0x0000000086b00000, 0x0000000086b00000|100%|HC|  |TAMS 0x0000000086a00000, 0x0000000086a00000| Complete 
| 107|0x0000000086b00000, 0x0000000086c00000, 0x0000000086c00000|100%|HC|  |TAMS 0x0000000086b00000, 0x0000000086b00000| Complete 
| 108|0x0000000086c00000, 0x0000000086d00000, 0x0000000086d00000|100%|HC|  |TAMS 0x0000000086c00000, 0x0000000086c00000| Complete 
| 109|0x0000000086d00000, 0x0000000086e00000, 0x0000000086e00000|100%| O|  |TAMS 0x0000000086d00000, 0x0000000086d00000| Untracked 
| 110|0x0000000086e00000, 0x0000000086f00000, 0x0000000086f00000|100%| O|  |TAMS 0x0000000086e00000, 0x0000000086e00000| Untracked 
| 111|0x0000000086f00000, 0x0000000087000000, 0x0000000087000000|100%| O|  |TAMS 0x0000000086f00000, 0x0000000086f00000| Untracked 
| 112|0x0000000087000000, 0x0000000087100000, 0x0000000087100000|100%| O|  |TAMS 0x0000000087000000, 0x0000000087000000| Untracked 
| 113|0x0000000087100000, 0x0000000087200000, 0x0000000087200000|100%| O|  |TAMS 0x0000000087100000, 0x0000000087100000| Untracked 
| 114|0x0000000087200000, 0x0000000087300000, 0x0000000087300000|100%| O|  |TAMS 0x0000000087200000, 0x0000000087200000| Untracked 
| 115|0x0000000087300000, 0x0000000087400000, 0x0000000087400000|100%| O|  |TAMS 0x0000000087300000, 0x0000000087300000| Untracked 
| 116|0x0000000087400000, 0x0000000087500000, 0x0000000087500000|100%| O|  |TAMS 0x0000000087400000, 0x0000000087400000| Untracked 
| 117|0x0000000087500000, 0x0000000087600000, 0x0000000087600000|100%| O|  |TAMS 0x0000000087500000, 0x0000000087500000| Untracked 
| 118|0x0000000087600000, 0x0000000087700000, 0x0000000087700000|100%| O|  |TAMS 0x0000000087600000, 0x0000000087600000| Untracked 
| 119|0x0000000087700000, 0x0000000087800000, 0x0000000087800000|100%| O|  |TAMS 0x0000000087700000, 0x0000000087700000| Untracked 
| 120|0x0000000087800000, 0x0000000087900000, 0x0000000087900000|100%| O|  |TAMS 0x0000000087800000, 0x0000000087800000| Untracked 
| 121|0x0000000087900000, 0x0000000087a00000, 0x0000000087a00000|100%| O|  |TAMS 0x0000000087900000, 0x0000000087900000| Untracked 
| 122|0x0000000087a00000, 0x0000000087b00000, 0x0000000087b00000|100%| O|  |TAMS 0x0000000087a00000, 0x0000000087a00000| Untracked 
| 123|0x0000000087b00000, 0x0000000087c00000, 0x0000000087c00000|100%| O|  |TAMS 0x0000000087b00000, 0x0000000087b00000| Untracked 
| 124|0x0000000087c00000, 0x0000000087d00000, 0x0000000087d00000|100%| O|  |TAMS 0x0000000087c00000, 0x0000000087c00000| Untracked 
| 125|0x0000000087d00000, 0x0000000087e00000, 0x0000000087e00000|100%| O|  |TAMS 0x0000000087d00000, 0x0000000087d00000| Untracked 
| 126|0x0000000087e00000, 0x0000000087f00000, 0x0000000087f00000|100%| O|  |TAMS 0x0000000087e00000, 0x0000000087e00000| Untracked 
| 127|0x0000000087f00000, 0x0000000088000000, 0x0000000088000000|100%| O|  |TAMS 0x0000000087f00000, 0x0000000087f00000| Untracked 
| 128|0x0000000088000000, 0x0000000088100000, 0x0000000088100000|100%| O|  |TAMS 0x0000000088000000, 0x0000000088000000| Untracked 
| 129|0x0000000088100000, 0x0000000088200000, 0x0000000088200000|100%| O|  |TAMS 0x0000000088100000, 0x0000000088100000| Untracked 
| 130|0x0000000088200000, 0x0000000088300000, 0x0000000088300000|100%| O|  |TAMS 0x0000000088200000, 0x0000000088200000| Untracked 
| 131|0x0000000088300000, 0x0000000088400000, 0x0000000088400000|100%| O|  |TAMS 0x0000000088300000, 0x0000000088300000| Untracked 
| 132|0x0000000088400000, 0x0000000088500000, 0x0000000088500000|100%| O|  |TAMS 0x0000000088400000, 0x0000000088400000| Untracked 
| 133|0x0000000088500000, 0x0000000088600000, 0x0000000088600000|100%| O|  |TAMS 0x0000000088500000, 0x0000000088500000| Untracked 
| 134|0x0000000088600000, 0x0000000088700000, 0x0000000088700000|100%| O|  |TAMS 0x0000000088600000, 0x0000000088600000| Untracked 
| 135|0x0000000088700000, 0x0000000088800000, 0x0000000088800000|100%| O|  |TAMS 0x0000000088700000, 0x0000000088700000| Untracked 
| 136|0x0000000088800000, 0x0000000088900000, 0x0000000088900000|100%| O|  |TAMS 0x0000000088800000, 0x0000000088800000| Untracked 
| 137|0x0000000088900000, 0x0000000088a00000, 0x0000000088a00000|100%| O|  |TAMS 0x0000000088900000, 0x0000000088900000| Untracked 
| 138|0x0000000088a00000, 0x0000000088b00000, 0x0000000088b00000|100%| O|  |TAMS 0x0000000088a00000, 0x0000000088a00000| Untracked 
| 139|0x0000000088b00000, 0x0000000088c00000, 0x0000000088c00000|100%| O|  |TAMS 0x0000000088b00000, 0x0000000088b00000| Untracked 
| 140|0x0000000088c00000, 0x0000000088d00000, 0x0000000088d00000|100%| O|  |TAMS 0x0000000088c00000, 0x0000000088c00000| Untracked 
| 141|0x0000000088d00000, 0x0000000088e00000, 0x0000000088e00000|100%| O|  |TAMS 0x0000000088d00000, 0x0000000088d00000| Untracked 
| 142|0x0000000088e00000, 0x0000000088f00000, 0x0000000088f00000|100%| O|  |TAMS 0x0000000088e00000, 0x0000000088e00000| Untracked 
| 143|0x0000000088f00000, 0x0000000089000000, 0x0000000089000000|100%| O|  |TAMS 0x0000000088f00000, 0x0000000088f00000| Untracked 
| 144|0x0000000089000000, 0x0000000089100000, 0x0000000089100000|100%| O|  |TAMS 0x0000000089000000, 0x0000000089000000| Untracked 
| 145|0x0000000089100000, 0x0000000089200000, 0x0000000089200000|100%| O|  |TAMS 0x0000000089100000, 0x0000000089100000| Untracked 
| 146|0x0000000089200000, 0x0000000089300000, 0x0000000089300000|100%| O|  |TAMS 0x0000000089200000, 0x0000000089200000| Untracked 
| 147|0x0000000089300000, 0x0000000089400000, 0x0000000089400000|100%| O|  |TAMS 0x0000000089300000, 0x0000000089300000| Untracked 
| 148|0x0000000089400000, 0x0000000089500000, 0x0000000089500000|100%| O|  |TAMS 0x0000000089400000, 0x0000000089400000| Untracked 
| 149|0x0000000089500000, 0x0000000089600000, 0x0000000089600000|100%| O|  |TAMS 0x0000000089500000, 0x0000000089500000| Untracked 
| 150|0x0000000089600000, 0x0000000089700000, 0x0000000089700000|100%| O|  |TAMS 0x0000000089600000, 0x0000000089600000| Untracked 
| 151|0x0000000089700000, 0x00000000897e0400, 0x0000000089800000| 87%| O|  |TAMS 0x0000000089700000, 0x0000000089700000| Untracked 
| 152|0x0000000089800000, 0x0000000089800000, 0x0000000089900000|  0%| F|  |TAMS 0x0000000089800000, 0x0000000089800000| Untracked 
| 153|0x0000000089900000, 0x0000000089900000, 0x0000000089a00000|  0%| F|  |TAMS 0x0000000089900000, 0x0000000089900000| Untracked 
| 154|0x0000000089a00000, 0x0000000089a00000, 0x0000000089b00000|  0%| F|  |TAMS 0x0000000089a00000, 0x0000000089a00000| Untracked 
| 155|0x0000000089b00000, 0x0000000089b00000, 0x0000000089c00000|  0%| F|  |TAMS 0x0000000089b00000, 0x0000000089b00000| Untracked 
| 156|0x0000000089c00000, 0x0000000089c00000, 0x0000000089d00000|  0%| F|  |TAMS 0x0000000089c00000, 0x0000000089c00000| Untracked 
| 157|0x0000000089d00000, 0x0000000089d00000, 0x0000000089e00000|  0%| F|  |TAMS 0x0000000089d00000, 0x0000000089d00000| Untracked 
| 158|0x0000000089e00000, 0x0000000089e00000, 0x0000000089f00000|  0%| F|  |TAMS 0x0000000089e00000, 0x0000000089e00000| Untracked 
| 159|0x0000000089f00000, 0x0000000089f00000, 0x000000008a000000|  0%| F|  |TAMS 0x0000000089f00000, 0x0000000089f00000| Untracked 
| 160|0x000000008a000000, 0x000000008a000000, 0x000000008a100000|  0%| F|  |TAMS 0x000000008a000000, 0x000000008a000000| Untracked 
| 161|0x000000008a100000, 0x000000008a100000, 0x000000008a200000|  0%| F|  |TAMS 0x000000008a100000, 0x000000008a100000| Untracked 
| 162|0x000000008a200000, 0x000000008a200000, 0x000000008a300000|  0%| F|  |TAMS 0x000000008a200000, 0x000000008a200000| Untracked 
| 163|0x000000008a300000, 0x000000008a300000, 0x000000008a400000|  0%| F|  |TAMS 0x000000008a300000, 0x000000008a300000| Untracked 
| 164|0x000000008a400000, 0x000000008a400000, 0x000000008a500000|  0%| F|  |TAMS 0x000000008a400000, 0x000000008a400000| Untracked 
| 165|0x000000008a500000, 0x000000008a500000, 0x000000008a600000|  0%| F|  |TAMS 0x000000008a500000, 0x000000008a500000| Untracked 
| 166|0x000000008a600000, 0x000000008a600000, 0x000000008a700000|  0%| F|  |TAMS 0x000000008a600000, 0x000000008a600000| Untracked 
| 167|0x000000008a700000, 0x000000008a700000, 0x000000008a800000|  0%| F|  |TAMS 0x000000008a700000, 0x000000008a700000| Untracked 
| 168|0x000000008a800000, 0x000000008a800000, 0x000000008a900000|  0%| F|  |TAMS 0x000000008a800000, 0x000000008a800000| Untracked 
| 169|0x000000008a900000, 0x000000008a900000, 0x000000008aa00000|  0%| F|  |TAMS 0x000000008a900000, 0x000000008a900000| Untracked 
| 170|0x000000008aa00000, 0x000000008aa00000, 0x000000008ab00000|  0%| F|  |TAMS 0x000000008aa00000, 0x000000008aa00000| Untracked 
| 171|0x000000008ab00000, 0x000000008ab00000, 0x000000008ac00000|  0%| F|  |TAMS 0x000000008ab00000, 0x000000008ab00000| Untracked 
| 172|0x000000008ac00000, 0x000000008ac00000, 0x000000008ad00000|  0%| F|  |TAMS 0x000000008ac00000, 0x000000008ac00000| Untracked 
| 173|0x000000008ad00000, 0x000000008ad00000, 0x000000008ae00000|  0%| F|  |TAMS 0x000000008ad00000, 0x000000008ad00000| Untracked 
| 174|0x000000008ae00000, 0x000000008ae00000, 0x000000008af00000|  0%| F|  |TAMS 0x000000008ae00000, 0x000000008ae00000| Untracked 
| 175|0x000000008af00000, 0x000000008af00000, 0x000000008b000000|  0%| F|  |TAMS 0x000000008af00000, 0x000000008af00000| Untracked 
| 176|0x000000008b000000, 0x000000008b000000, 0x000000008b100000|  0%| F|  |TAMS 0x000000008b000000, 0x000000008b000000| Untracked 
| 177|0x000000008b100000, 0x000000008b100000, 0x000000008b200000|  0%| F|  |TAMS 0x000000008b100000, 0x000000008b100000| Untracked 
| 178|0x000000008b200000, 0x000000008b200000, 0x000000008b300000|  0%| F|  |TAMS 0x000000008b200000, 0x000000008b200000| Untracked 
| 179|0x000000008b300000, 0x000000008b300000, 0x000000008b400000|  0%| F|  |TAMS 0x000000008b300000, 0x000000008b300000| Untracked 
| 180|0x000000008b400000, 0x000000008b400000, 0x000000008b500000|  0%| F|  |TAMS 0x000000008b400000, 0x000000008b400000| Untracked 
| 181|0x000000008b500000, 0x000000008b5e6eb0, 0x000000008b600000| 90%| S|CS|TAMS 0x000000008b500000, 0x000000008b500000| Complete 
| 182|0x000000008b600000, 0x000000008b700000, 0x000000008b700000|100%| S|CS|TAMS 0x000000008b600000, 0x000000008b600000| Complete 
| 183|0x000000008b700000, 0x000000008b800000, 0x000000008b800000|100%| S|CS|TAMS 0x000000008b700000, 0x000000008b700000| Complete 
| 184|0x000000008b800000, 0x000000008b800000, 0x000000008b900000|  0%| F|  |TAMS 0x000000008b800000, 0x000000008b800000| Untracked 
| 185|0x000000008b900000, 0x000000008b900000, 0x000000008ba00000|  0%| F|  |TAMS 0x000000008b900000, 0x000000008b900000| Untracked 
| 186|0x000000008ba00000, 0x000000008ba00000, 0x000000008bb00000|  0%| F|  |TAMS 0x000000008ba00000, 0x000000008ba00000| Untracked 
| 187|0x000000008bb00000, 0x000000008bc00000, 0x000000008bc00000|100%| S|CS|TAMS 0x000000008bb00000, 0x000000008bb00000| Complete 
| 188|0x000000008bc00000, 0x000000008bc00000, 0x000000008bd00000|  0%| F|  |TAMS 0x000000008bc00000, 0x000000008bc00000| Untracked 
| 189|0x000000008bd00000, 0x000000008bd00000, 0x000000008be00000|  0%| F|  |TAMS 0x000000008bd00000, 0x000000008bd00000| Untracked 
| 190|0x000000008be00000, 0x000000008be00000, 0x000000008bf00000|  0%| F|  |TAMS 0x000000008be00000, 0x000000008be00000| Untracked 
| 191|0x000000008bf00000, 0x000000008bf00000, 0x000000008c000000|  0%| F|  |TAMS 0x000000008bf00000, 0x000000008bf00000| Untracked 
| 192|0x000000008c000000, 0x000000008c000000, 0x000000008c100000|  0%| F|  |TAMS 0x000000008c000000, 0x000000008c000000| Untracked 
| 193|0x000000008c100000, 0x000000008c100000, 0x000000008c200000|  0%| F|  |TAMS 0x000000008c100000, 0x000000008c100000| Untracked 
| 194|0x000000008c200000, 0x000000008c200000, 0x000000008c300000|  0%| F|  |TAMS 0x000000008c200000, 0x000000008c200000| Untracked 
| 195|0x000000008c300000, 0x000000008c300000, 0x000000008c400000|  0%| F|  |TAMS 0x000000008c300000, 0x000000008c300000| Untracked 
| 196|0x000000008c400000, 0x000000008c400000, 0x000000008c500000|  0%| F|  |TAMS 0x000000008c400000, 0x000000008c400000| Untracked 
| 197|0x000000008c500000, 0x000000008c5013d0, 0x000000008c600000|  0%| E|  |TAMS 0x000000008c500000, 0x000000008c500000| Complete 
| 198|0x000000008c600000, 0x000000008c700000, 0x000000008c700000|100%| E|CS|TAMS 0x000000008c600000, 0x000000008c600000| Complete 
| 199|0x000000008c700000, 0x000000008c800000, 0x000000008c800000|100%| E|CS|TAMS 0x000000008c700000, 0x000000008c700000| Complete 
| 200|0x000000008c800000, 0x000000008c900000, 0x000000008c900000|100%| E|CS|TAMS 0x000000008c800000, 0x000000008c800000| Complete 
| 201|0x000000008c900000, 0x000000008ca00000, 0x000000008ca00000|100%| E|CS|TAMS 0x000000008c900000, 0x000000008c900000| Complete 
| 202|0x000000008ca00000, 0x000000008cb00000, 0x000000008cb00000|100%| E|CS|TAMS 0x000000008ca00000, 0x000000008ca00000| Complete 
| 203|0x000000008cb00000, 0x000000008cc00000, 0x000000008cc00000|100%| E|CS|TAMS 0x000000008cb00000, 0x000000008cb00000| Complete 
| 204|0x000000008cc00000, 0x000000008cd00000, 0x000000008cd00000|100%| E|CS|TAMS 0x000000008cc00000, 0x000000008cc00000| Complete 
| 205|0x000000008cd00000, 0x000000008ce00000, 0x000000008ce00000|100%| E|CS|TAMS 0x000000008cd00000, 0x000000008cd00000| Complete 
| 206|0x000000008ce00000, 0x000000008cf00000, 0x000000008cf00000|100%| E|CS|TAMS 0x000000008ce00000, 0x000000008ce00000| Complete 
| 207|0x000000008cf00000, 0x000000008d000000, 0x000000008d000000|100%| E|CS|TAMS 0x000000008cf00000, 0x000000008cf00000| Complete 
| 208|0x000000008d000000, 0x000000008d100000, 0x000000008d100000|100%| E|CS|TAMS 0x000000008d000000, 0x000000008d000000| Complete 
| 209|0x000000008d100000, 0x000000008d200000, 0x000000008d200000|100%| E|CS|TAMS 0x000000008d100000, 0x000000008d100000| Complete 
| 210|0x000000008d200000, 0x000000008d300000, 0x000000008d300000|100%| E|CS|TAMS 0x000000008d200000, 0x000000008d200000| Complete 
| 211|0x000000008d300000, 0x000000008d400000, 0x000000008d400000|100%| E|CS|TAMS 0x000000008d300000, 0x000000008d300000| Complete 
| 212|0x000000008d400000, 0x000000008d500000, 0x000000008d500000|100%| E|CS|TAMS 0x000000008d400000, 0x000000008d400000| Complete 

Card table byte_map: [0x000001fd196f0000,0x000001fd19af0000] _byte_map_base: 0x000001fd192f0000

Marking Bits (Prev, Next): (CMBitMap*) 0x000001fd0285f9a0, (CMBitMap*) 0x000001fd0285f960
 Prev Bits: [0x000001fd1bef0000, 0x000001fd1def0000)
 Next Bits: [0x000001fd19ef0000, 0x000001fd1bef0000)

Polling page: 0x000001fd007d0000

Metaspace:

Usage:
  Non-class:     85.01 MB used.
      Class:     13.36 MB used.
       Both:     98.37 MB used.

Virtual space:
  Non-class space:      128.00 MB reserved,      85.44 MB ( 67%) committed,  2 nodes.
      Class space:      416.00 MB reserved,      13.81 MB (  3%) committed,  1 nodes.
             Both:      544.00 MB reserved,      99.25 MB ( 18%) committed. 

Chunk freelists:
   Non-Class:  10.00 MB
       Class:  2.13 MB
        Both:  12.13 MB

MaxMetaspaceSize: 512.00 MB
CompressedClassSpaceSize: 416.00 MB
Initial GC threshold: 21.00 MB
Current GC threshold: 141.50 MB
CDS: on
MetaspaceReclaimPolicy: balanced
 - commit_granule_bytes: 65536.
 - commit_granule_words: 8192.
 - virtual_space_node_default_size: 8388608.
 - enlarge_chunks_in_place: 1.
 - new_chunks_are_fully_committed: 0.
 - uncommit_free_chunks: 1.
 - use_allocation_guard: 0.
 - handle_deallocations: 1.


Internal statistics:

num_allocs_failed_limit: 6.
num_arena_births: 1136.
num_arena_deaths: 0.
num_vsnodes_births: 3.
num_vsnodes_deaths: 0.
num_space_committed: 1588.
num_space_uncommitted: 0.
num_chunks_returned_to_freelist: 6.
num_chunks_taken_from_freelist: 5395.
num_chunk_merges: 6.
num_chunk_splits: 3568.
num_chunks_enlarged: 2385.
num_inconsistent_stats: 0.

CodeHeap 'non-profiled nmethods': size=120000Kb used=8186Kb max_used=8517Kb free=111814Kb
 bounds [0x000001fd11dc0000, 0x000001fd12620000, 0x000001fd192f0000]
CodeHeap 'profiled nmethods': size=120000Kb used=25182Kb max_used=26505Kb free=94817Kb
 bounds [0x000001fd0a2f0000, 0x000001fd0bce0000, 0x000001fd11820000]
CodeHeap 'non-nmethods': size=5760Kb used=2418Kb max_used=2469Kb free=3341Kb
 bounds [0x000001fd11820000, 0x000001fd11aa0000, 0x000001fd11dc0000]
 total_blobs=13772 nmethods=12831 adapters=853
 compilation: enabled
              stopped_count=0, restarted_count=0
 full_count=0

Compilation events (20 events):
Event: 189.700 Thread 0x000001fd203c6500 nmethod 15101 0x000001fd12460610 code [0x000001fd12460860, 0x000001fd124617b0]
Event: 189.700 Thread 0x000001fd203c6500 15106   !   4       org.gradle.internal.serialize.kryo.KryoBackedDecoder::readSmallInt (16 bytes)
Event: 189.709 Thread 0x000001fd203c6500 nmethod 15106 0x000001fd123fa310 code [0x000001fd123fa500, 0x000001fd123fae20]
Event: 189.709 Thread 0x000001fd203c6500 15105       4       java.util.stream.ReduceOps$3::makeSink (5 bytes)
Event: 189.710 Thread 0x000001fd203c6500 nmethod 15105 0x000001fd123f9f90 code [0x000001fd123fa120, 0x000001fd123fa218]
Event: 189.710 Thread 0x000001fd203c6500 15102       4       org.gradle.internal.execution.history.impl.FileSystemSnapshotSerializer$$Lambda$528/0x000001fd224caef0::applyAsInt (8 bytes)
Event: 189.711 Thread 0x000001fd203c6500 nmethod 15102 0x000001fd12214d10 code [0x000001fd12214ea0, 0x000001fd12214f58]
Event: 189.711 Thread 0x000001fd203c6500 15104       4       java.util.stream.ReferencePipeline$4$1::accept (23 bytes)
Event: 189.713 Thread 0x000001fd203c6500 nmethod 15104 0x000001fd12214790 code [0x000001fd12214920, 0x000001fd12214ab8]
Event: 189.719 Thread 0x000001fd203c8fc0 15111       3       sun.nio.fs.NativeBuffer$Deallocator::<init> (10 bytes)
Event: 189.719 Thread 0x000001fd203c8fc0 nmethod 15111 0x000001fd0aeb3e10 code [0x000001fd0aeb3fa0, 0x000001fd0aeb4118]
Event: 189.720 Thread 0x000001fd203c8fc0 15112       3       sun.nio.fs.NativeBuffer::<init> (44 bytes)
Event: 189.720 Thread 0x000001fd203c8fc0 nmethod 15112 0x000001fd0acd2690 code [0x000001fd0acd2860, 0x000001fd0acd2c58]
Event: 189.723 Thread 0x000001fd203c6500 15113       4       jdk.internal.misc.Unsafe::checkPointer (19 bytes)
Event: 189.724 Thread 0x000001fd203c6500 nmethod 15113 0x000001fd12214490 code [0x000001fd12214600, 0x000001fd122146b8]
Event: 189.725 Thread 0x000001fd203c6500 15114       4       org.gradle.cache.internal.DefaultFileLockManager$DefaultFileLock::assertOpenAndIntegral (41 bytes)
Event: 189.726 Thread 0x000001fd203c6500 nmethod 15114 0x000001fd12213f10 code [0x000001fd122140a0, 0x000001fd122141b8]
Event: 189.728 Thread 0x000001fd203c6500 15115   !   4       org.gradle.cache.internal.DefaultMultiProcessSafePersistentIndexedCache::getIfPresent (25 bytes)
Event: 189.733 Thread 0x000001fd203c8fc0 15117       3       java.util.TimSort::mergeAt (358 bytes)
Event: 189.734 Thread 0x000001fd203c8fc0 nmethod 15117 0x000001fd0aa48890 code [0x000001fd0aa48aa0, 0x000001fd0aa49098]

GC Heap History (20 events):
Event: 170.551 GC heap before
{Heap before GC invocations=39 (full 0):
 garbage-first heap   total 181248K, used 134036K [0x0000000080000000, 0x0000000100000000)
  region size 1024K, 23 young (23552K), 3 survivors (3072K)
 Metaspace       used 86399K, committed 87296K, reserved 557056K
  class space    used 11917K, committed 12352K, reserved 425984K
}
Event: 170.559 GC heap after
{Heap after GC invocations=40 (full 0):
 garbage-first heap   total 181248K, used 120254K [0x0000000080000000, 0x0000000100000000)
  region size 1024K, 3 young (3072K), 3 survivors (3072K)
 Metaspace       used 86399K, committed 87296K, reserved 557056K
  class space    used 11917K, committed 12352K, reserved 425984K
}
Event: 170.778 GC heap before
{Heap before GC invocations=40 (full 0):
 garbage-first heap   total 181248K, used 124350K [0x0000000080000000, 0x0000000100000000)
  region size 1024K, 8 young (8192K), 3 survivors (3072K)
 Metaspace       used 87032K, committed 87872K, reserved 557056K
  class space    used 11992K, committed 12416K, reserved 425984K
}
Event: 170.782 GC heap after
{Heap after GC invocations=41 (full 0):
 garbage-first heap   total 181248K, used 120602K [0x0000000080000000, 0x0000000100000000)
  region size 1024K, 1 young (1024K), 1 survivors (1024K)
 Metaspace       used 87032K, committed 87872K, reserved 557056K
  class space    used 11992K, committed 12416K, reserved 425984K
}
Event: 172.690 GC heap before
{Heap before GC invocations=41 (full 0):
 garbage-first heap   total 181248K, used 148250K [0x0000000080000000, 0x0000000100000000)
  region size 1024K, 28 young (28672K), 1 survivors (1024K)
 Metaspace       used 89016K, committed 89920K, reserved 557056K
  class space    used 12243K, committed 12672K, reserved 425984K
}
Event: 172.699 GC heap after
{Heap after GC invocations=42 (full 0):
 garbage-first heap   total 218112K, used 123680K [0x0000000080000000, 0x0000000100000000)
  region size 1024K, 4 young (4096K), 4 survivors (4096K)
 Metaspace       used 89016K, committed 89920K, reserved 557056K
  class space    used 12243K, committed 12672K, reserved 425984K
}
Event: 177.419 GC heap before
{Heap before GC invocations=42 (full 0):
 garbage-first heap   total 218112K, used 176928K [0x0000000080000000, 0x0000000100000000)
  region size 1024K, 55 young (56320K), 4 survivors (4096K)
 Metaspace       used 90385K, committed 91264K, reserved 557056K
  class space    used 12410K, committed 12800K, reserved 425984K
}
Event: 177.431 GC heap after
{Heap after GC invocations=43 (full 0):
 garbage-first heap   total 218112K, used 134898K [0x0000000080000000, 0x0000000100000000)
  region size 1024K, 7 young (7168K), 7 survivors (7168K)
 Metaspace       used 90385K, committed 91264K, reserved 557056K
  class space    used 12410K, committed 12800K, reserved 425984K
}
Event: 180.605 GC heap before
{Heap before GC invocations=43 (full 0):
 garbage-first heap   total 218112K, used 175858K [0x0000000080000000, 0x0000000100000000)
  region size 1024K, 47 young (48128K), 7 survivors (7168K)
 Metaspace       used 94526K, committed 95424K, reserved 557056K
  class space    used 12998K, committed 13440K, reserved 425984K
}
Event: 180.618 GC heap after
{Heap after GC invocations=44 (full 0):
 garbage-first heap   total 218112K, used 139716K [0x0000000080000000, 0x0000000100000000)
  region size 1024K, 5 young (5120K), 5 survivors (5120K)
 Metaspace       used 94526K, committed 95424K, reserved 557056K
  class space    used 12998K, committed 13440K, reserved 425984K
}
Event: 182.860 GC heap before
{Heap before GC invocations=44 (full 0):
 garbage-first heap   total 218112K, used 177604K [0x0000000080000000, 0x0000000100000000)
  region size 1024K, 42 young (43008K), 5 survivors (5120K)
 Metaspace       used 95553K, committed 96448K, reserved 557056K
  class space    used 13117K, committed 13568K, reserved 425984K
}
Event: 182.873 GC heap after
{Heap after GC invocations=45 (full 0):
 garbage-first heap   total 218112K, used 145408K [0x0000000080000000, 0x0000000100000000)
  region size 1024K, 6 young (6144K), 6 survivors (6144K)
 Metaspace       used 95553K, committed 96448K, reserved 557056K
  class space    used 13117K, committed 13568K, reserved 425984K
}
Event: 184.160 GC heap before
{Heap before GC invocations=45 (full 0):
 garbage-first heap   total 218112K, used 179200K [0x0000000080000000, 0x0000000100000000)
  region size 1024K, 39 young (39936K), 6 survivors (6144K)
 Metaspace       used 97318K, committed 98240K, reserved 557056K
  class space    used 13337K, committed 13760K, reserved 425984K
}
Event: 184.182 GC heap after
{Heap after GC invocations=46 (full 0):
 garbage-first heap   total 218112K, used 149522K [0x0000000080000000, 0x0000000100000000)
  region size 1024K, 5 young (5120K), 5 survivors (5120K)
 Metaspace       used 97318K, committed 98240K, reserved 557056K
  class space    used 13337K, committed 13760K, reserved 425984K
}
Event: 185.859 GC heap before
{Heap before GC invocations=46 (full 0):
 garbage-first heap   total 218112K, used 179218K [0x0000000080000000, 0x0000000100000000)
  region size 1024K, 35 young (35840K), 5 survivors (5120K)
 Metaspace       used 99713K, committed 100672K, reserved 557056K
  class space    used 13566K, committed 14080K, reserved 425984K
}
Event: 185.876 GC heap after
{Heap after GC invocations=47 (full 0):
 garbage-first heap   total 218112K, used 155141K [0x0000000080000000, 0x0000000100000000)
  region size 1024K, 5 young (5120K), 5 survivors (5120K)
 Metaspace       used 99713K, committed 100672K, reserved 557056K
  class space    used 13566K, committed 14080K, reserved 425984K
}
Event: 187.403 GC heap before
{Heap before GC invocations=47 (full 0):
 garbage-first heap   total 218112K, used 180741K [0x0000000080000000, 0x0000000100000000)
  region size 1024K, 31 young (31744K), 5 survivors (5120K)
 Metaspace       used 99999K, committed 100992K, reserved 557056K
  class space    used 13572K, committed 14080K, reserved 425984K
}
Event: 187.413 GC heap after
{Heap after GC invocations=48 (full 0):
 garbage-first heap   total 218112K, used 158044K [0x0000000080000000, 0x0000000100000000)
  region size 1024K, 3 young (3072K), 3 survivors (3072K)
 Metaspace       used 99999K, committed 100992K, reserved 557056K
  class space    used 13572K, committed 14080K, reserved 425984K
}
Event: 189.247 GC heap before
{Heap before GC invocations=48 (full 0):
 garbage-first heap   total 218112K, used 182620K [0x0000000080000000, 0x0000000100000000)
  region size 1024K, 28 young (28672K), 3 survivors (3072K)
 Metaspace       used 100647K, committed 101568K, reserved 557056K
  class space    used 13676K, committed 14144K, reserved 425984K
}
Event: 189.253 GC heap after
{Heap after GC invocations=49 (full 0):
 garbage-first heap   total 218112K, used 159516K [0x0000000080000000, 0x0000000100000000)
  region size 1024K, 4 young (4096K), 4 survivors (4096K)
 Metaspace       used 100647K, committed 101568K, reserved 557056K
  class space    used 13676K, committed 14144K, reserved 425984K
}

Dll operation events (12 events):
Event: 0.017 Loaded shared library C:\Program Files\Microsoft\jdk-17.0.8.101-hotspot\bin\java.dll
Event: 0.113 Loaded shared library C:\Program Files\Microsoft\jdk-17.0.8.101-hotspot\bin\jsvml.dll
Event: 0.650 Loaded shared library C:\Program Files\Microsoft\jdk-17.0.8.101-hotspot\bin\net.dll
Event: 0.668 Loaded shared library C:\Program Files\Microsoft\jdk-17.0.8.101-hotspot\bin\nio.dll
Event: 0.675 Loaded shared library C:\Program Files\Microsoft\jdk-17.0.8.101-hotspot\bin\zip.dll
Event: 1.642 Loaded shared library C:\Program Files\Microsoft\jdk-17.0.8.101-hotspot\bin\jimage.dll
Event: 1.842 Loaded shared library C:\Program Files\Microsoft\jdk-17.0.8.101-hotspot\bin\verify.dll
Event: 2.567 Loaded shared library C:\Users\mafruhah\.gradle\native\68d5fa5c4cc2d200863cafc0d521ce42e7d3e7ee720ec0a83991735586a16f82\windows-amd64\native-platform.dll
Event: 2.584 Loaded shared library C:\Users\mafruhah\.gradle\native\e376f236ea51e6404a007f0833ffe2c6e607c4080706a723a18a27aeea778392\windows-amd64\native-platform-file-events.dll
Event: 6.770 Loaded shared library C:\Program Files\Microsoft\jdk-17.0.8.101-hotspot\bin\management.dll
Event: 6.775 Loaded shared library C:\Program Files\Microsoft\jdk-17.0.8.101-hotspot\bin\management_ext.dll
Event: 9.789 Loaded shared library C:\Program Files\Microsoft\jdk-17.0.8.101-hotspot\bin\sunmscapi.dll

Deoptimization events (20 events):
Event: 188.672 Thread 0x000001fd41f960d0 Uncommon trap: trap_request=0xffffffbe fr.pc=0x000001fd12470d84 relative=0x00000000000003a4
Event: 188.672 Thread 0x000001fd41f960d0 Uncommon trap: reason=profile_predicate action=maybe_recompile pc=0x000001fd12470d84 method=java.util.Collections.indexedBinarySearch(Ljava/util/List;Ljava/lang/Object;Ljava/util/Comparator;)I @ 15 c2
Event: 188.672 Thread 0x000001fd41f960d0 DEOPT PACKING pc=0x000001fd12470d84 sp=0x000000261e8fac60
Event: 188.672 Thread 0x000001fd41f960d0 DEOPT UNPACKING pc=0x000001fd1187a1a3 sp=0x000000261e8fabf8 mode 2
Event: 188.672 Thread 0x000001fd41f960d0 Uncommon trap: trap_request=0xffffffbe fr.pc=0x000001fd12470d84 relative=0x00000000000003a4
Event: 188.672 Thread 0x000001fd41f960d0 Uncommon trap: reason=profile_predicate action=maybe_recompile pc=0x000001fd12470d84 method=java.util.Collections.indexedBinarySearch(Ljava/util/List;Ljava/lang/Object;Ljava/util/Comparator;)I @ 15 c2
Event: 188.672 Thread 0x000001fd41f960d0 DEOPT PACKING pc=0x000001fd12470d84 sp=0x000000261e8fac60
Event: 188.672 Thread 0x000001fd41f960d0 DEOPT UNPACKING pc=0x000001fd1187a1a3 sp=0x000000261e8fabf8 mode 2
Event: 188.675 Thread 0x000001fd41f960d0 Uncommon trap: trap_request=0xffffffbe fr.pc=0x000001fd12066b5c relative=0x00000000000003fc
Event: 188.675 Thread 0x000001fd41f960d0 Uncommon trap: reason=profile_predicate action=maybe_recompile pc=0x000001fd12066b5c method=java.util.Collections.indexedBinarySearch(Ljava/util/List;Ljava/lang/Object;Ljava/util/Comparator;)I @ 15 c2
Event: 188.675 Thread 0x000001fd41f960d0 DEOPT PACKING pc=0x000001fd12066b5c sp=0x000000261e8facf0
Event: 188.675 Thread 0x000001fd41f960d0 DEOPT UNPACKING pc=0x000001fd1187a1a3 sp=0x000000261e8fac08 mode 2
Event: 189.066 Thread 0x000001fd416f5090 Uncommon trap: trap_request=0xffffff45 fr.pc=0x000001fd125e87e4 relative=0x0000000000005f24
Event: 189.066 Thread 0x000001fd416f5090 Uncommon trap: reason=unstable_if action=reinterpret pc=0x000001fd125e87e4 method=org.gradle.internal.time.MonotonicClock.advance(J)J @ 25 c2
Event: 189.066 Thread 0x000001fd416f5090 DEOPT PACKING pc=0x000001fd125e87e4 sp=0x000000261cefe600
Event: 189.067 Thread 0x000001fd416f5090 DEOPT UNPACKING pc=0x000001fd1187a1a3 sp=0x000000261cefe378 mode 2
Event: 189.580 Thread 0x000001fd4213e220 Uncommon trap: trap_request=0xffffff45 fr.pc=0x000001fd12339d74 relative=0x00000000000001b4
Event: 189.580 Thread 0x000001fd4213e220 Uncommon trap: reason=unstable_if action=reinterpret pc=0x000001fd12339d74 method=org.gradle.internal.time.MonotonicClock.advance(J)J @ 25 c2
Event: 189.581 Thread 0x000001fd4213e220 DEOPT PACKING pc=0x000001fd12339d74 sp=0x000000261f4fd770
Event: 189.581 Thread 0x000001fd4213e220 DEOPT UNPACKING pc=0x000001fd1187a1a3 sp=0x000000261f4fd678 mode 2

Classes unloaded (0 events):
No events

Classes redefined (0 events):
No events

Internal exceptions (20 events):
Event: 187.995 Thread 0x000001fd420df370 Exception <a 'java/lang/ClassNotFoundException'{0x000000008c9641e8}: java/io/WriterCustomizer> (0x000000008c9641e8) 
thrown [s\src\hotspot\share\classfile\systemDictionary.cpp, line 256]
Event: 188.021 Thread 0x000001fd420df370 Exception <a 'java/lang/ClassNotFoundException'{0x000000008c972498}: java/io/BufferedWriterCustomizer> (0x000000008c972498) 
thrown [s\src\hotspot\share\classfile\systemDictionary.cpp, line 256]
Event: 188.174 Thread 0x000001fd420df370 Exception <a 'sun/nio/fs/WindowsException'{0x000000008c8129b8}> (0x000000008c8129b8) 
thrown [s\src\hotspot\share\prims\jni.cpp, line 516]
Event: 188.175 Thread 0x000001fd420df370 Exception <a 'sun/nio/fs/WindowsException'{0x000000008c814b30}> (0x000000008c814b30) 
thrown [s\src\hotspot\share\prims\jni.cpp, line 516]
Event: 188.409 Thread 0x000001fd420df370 Exception <a 'sun/nio/fs/WindowsException'{0x000000008c8564f8}> (0x000000008c8564f8) 
thrown [s\src\hotspot\share\prims\jni.cpp, line 516]
Event: 188.410 Thread 0x000001fd420df370 Exception <a 'sun/nio/fs/WindowsException'{0x000000008c858568}> (0x000000008c858568) 
thrown [s\src\hotspot\share\prims\jni.cpp, line 516]
Event: 188.419 Thread 0x000001fd420df370 Exception <a 'sun/nio/fs/WindowsException'{0x000000008c88d7b8}> (0x000000008c88d7b8) 
thrown [s\src\hotspot\share\prims\jni.cpp, line 516]
Event: 188.421 Thread 0x000001fd420df370 Exception <a 'sun/nio/fs/WindowsException'{0x000000008c88f9d0}> (0x000000008c88f9d0) 
thrown [s\src\hotspot\share\prims\jni.cpp, line 516]
Event: 188.427 Thread 0x000001fd420df370 Exception <a 'sun/nio/fs/WindowsException'{0x000000008c8a61b8}> (0x000000008c8a61b8) 
thrown [s\src\hotspot\share\prims\jni.cpp, line 516]
Event: 188.436 Thread 0x000001fd420df370 Exception <a 'sun/nio/fs/WindowsException'{0x000000008c8ba1c0}> (0x000000008c8ba1c0) 
thrown [s\src\hotspot\share\prims\jni.cpp, line 516]
Event: 188.437 Thread 0x000001fd420df370 Exception <a 'sun/nio/fs/WindowsException'{0x000000008c8bbf20}> (0x000000008c8bbf20) 
thrown [s\src\hotspot\share\prims\jni.cpp, line 516]
Event: 188.471 Thread 0x000001fd41f960d0 Exception <a 'sun/nio/fs/WindowsException'{0x000000008c8cf9f8}> (0x000000008c8cf9f8) 
thrown [s\src\hotspot\share\prims\jni.cpp, line 516]
Event: 188.472 Thread 0x000001fd41f960d0 Exception <a 'sun/nio/fs/WindowsException'{0x000000008c8d16a0}> (0x000000008c8d16a0) 
thrown [s\src\hotspot\share\prims\jni.cpp, line 516]
Event: 188.477 Thread 0x000001fd41f960d0 Exception <a 'sun/nio/fs/WindowsException'{0x000000008c8e0160}> (0x000000008c8e0160) 
thrown [s\src\hotspot\share\prims\jni.cpp, line 516]
Event: 188.477 Thread 0x000001fd41f960d0 Exception <a 'sun/nio/fs/WindowsException'{0x000000008c8e1e70}> (0x000000008c8e1e70) 
thrown [s\src\hotspot\share\prims\jni.cpp, line 516]
Event: 188.483 Thread 0x000001fd41f960d0 Exception <a 'sun/nio/fs/WindowsException'{0x000000008c8f3a90}> (0x000000008c8f3a90) 
thrown [s\src\hotspot\share\prims\jni.cpp, line 516]
Event: 188.483 Thread 0x000001fd41f960d0 Exception <a 'sun/nio/fs/WindowsException'{0x000000008c8f5640}> (0x000000008c8f5640) 
thrown [s\src\hotspot\share\prims\jni.cpp, line 516]
Event: 188.483 Thread 0x000001fd41f960d0 Exception <a 'sun/nio/fs/WindowsException'{0x000000008c8f73f0}> (0x000000008c8f73f0) 
thrown [s\src\hotspot\share\prims\jni.cpp, line 516]
Event: 188.484 Thread 0x000001fd41f960d0 Exception <a 'sun/nio/fs/WindowsException'{0x000000008c8f90c0}> (0x000000008c8f90c0) 
thrown [s\src\hotspot\share\prims\jni.cpp, line 516]
Event: 188.553 Thread 0x000001fd41f960d0 Exception <a 'java/lang/NoSuchMethodError'{0x000000008c745fb0}: static Lcom/android/build/api/variant/BuildConfigField;.<clinit>()V> (0x000000008c745fb0) 
thrown [s\src\hotspot\share\prims\jni.cpp, line 1107]

VM Operations (20 events):
Event: 187.597 Executing VM operation: ICBufferFull
Event: 187.597 Executing VM operation: ICBufferFull done
Event: 187.757 Executing VM operation: HandshakeAllThreads
Event: 187.757 Executing VM operation: HandshakeAllThreads done
Event: 187.818 Executing VM operation: HandshakeAllThreads
Event: 187.818 Executing VM operation: HandshakeAllThreads done
Event: 187.919 Executing VM operation: HandshakeAllThreads
Event: 187.931 Executing VM operation: HandshakeAllThreads done
Event: 187.967 Executing VM operation: HandshakeAllThreads
Event: 187.967 Executing VM operation: HandshakeAllThreads done
Event: 187.970 Executing VM operation: HandshakeAllThreads
Event: 187.970 Executing VM operation: HandshakeAllThreads done
Event: 188.379 Executing VM operation: HandshakeAllThreads
Event: 188.379 Executing VM operation: HandshakeAllThreads done
Event: 188.381 Executing VM operation: HandshakeAllThreads
Event: 188.381 Executing VM operation: HandshakeAllThreads done
Event: 188.557 Executing VM operation: ICBufferFull
Event: 188.557 Executing VM operation: ICBufferFull done
Event: 189.247 Executing VM operation: G1CollectForAllocation
Event: 189.253 Executing VM operation: G1CollectForAllocation done

Events (20 events):
Event: 187.959 Thread 0x000001fd2041be70 flushing nmethod 0x000001fd0bbc3590
Event: 187.959 Thread 0x000001fd2041be70 flushing nmethod 0x000001fd0bbc5790
Event: 187.959 Thread 0x000001fd2041be70 flushing nmethod 0x000001fd0bbde590
Event: 187.959 Thread 0x000001fd2041be70 flushing nmethod 0x000001fd0bbfa010
Event: 187.992 loading class java/io/BufferedWriterBeanInfo
Event: 187.993 loading class java/io/BufferedWriterBeanInfo done
Event: 187.993 loading class java/io/BufferedWriterBeanInfo
Event: 187.993 loading class java/io/BufferedWriterBeanInfo done
Event: 187.994 loading class java/io/WriterBeanInfo
Event: 187.994 loading class java/io/WriterBeanInfo done
Event: 187.994 loading class java/io/WriterBeanInfo
Event: 187.994 loading class java/io/WriterBeanInfo done
Event: 187.994 loading class java/io/WriterCustomizer
Event: 187.994 loading class java/io/WriterCustomizer done
Event: 187.995 loading class java/io/WriterCustomizer
Event: 187.995 loading class java/io/WriterCustomizer done
Event: 187.997 loading class java/io/BufferedWriterCustomizer
Event: 187.997 loading class java/io/BufferedWriterCustomizer done
Event: 188.021 loading class java/io/BufferedWriterCustomizer
Event: 188.021 loading class java/io/BufferedWriterCustomizer done


Dynamic libraries:
0x00007ff7f2ec0000 - 0x00007ff7f2ece000 	C:\Program Files\Microsoft\jdk-17.0.8.101-hotspot\bin\java.exe
0x00007ffbf8fd0000 - 0x00007ffbf91e7000 	C:\WINDOWS\SYSTEM32\ntdll.dll
0x00007ffbc81f0000 - 0x00007ffbc8209000 	C:\Program Files\Avast Software\Avast\aswhook.dll
0x00007ffbf7e70000 - 0x00007ffbf7f34000 	C:\WINDOWS\System32\KERNEL32.DLL
0x00007ffbf68d0000 - 0x00007ffbf6c76000 	C:\WINDOWS\System32\KERNELBASE.dll
0x00007ffbf6430000 - 0x00007ffbf6541000 	C:\WINDOWS\System32\ucrtbase.dll
0x00007ffbc45c0000 - 0x00007ffbc45d7000 	C:\Program Files\Microsoft\jdk-17.0.8.101-hotspot\bin\jli.dll
0x00007ffbf7150000 - 0x00007ffbf72fe000 	C:\WINDOWS\System32\USER32.dll
0x00007ffbf6340000 - 0x00007ffbf6366000 	C:\WINDOWS\System32\win32u.dll
0x00007ffbf6f50000 - 0x00007ffbf6f79000 	C:\WINDOWS\System32\GDI32.dll
0x00007ffbf6550000 - 0x00007ffbf6668000 	C:\WINDOWS\System32\gdi32full.dll
0x00007ffbf6c80000 - 0x00007ffbf6d1a000 	C:\WINDOWS\System32\msvcp_win.dll
0x00007ffbc45e0000 - 0x00007ffbc45fb000 	C:\Program Files\Microsoft\jdk-17.0.8.101-hotspot\bin\VCRUNTIME140.dll
0x00007ffbd61f0000 - 0x00007ffbd6483000 	C:\WINDOWS\WinSxS\amd64_microsoft.windows.common-controls_6595b64144ccf1df_6.0.22621.2506_none_270c5ae97388e100\COMCTL32.dll
0x00007ffbf7690000 - 0x00007ffbf7737000 	C:\WINDOWS\System32\msvcrt.dll
0x00007ffbf8090000 - 0x00007ffbf80c1000 	C:\WINDOWS\System32\IMM32.DLL
0x00007ffbecb10000 - 0x00007ffbecb1c000 	C:\Program Files\Microsoft\jdk-17.0.8.101-hotspot\bin\vcruntime140_1.dll
0x00007ffb7fd80000 - 0x00007ffb7fe0d000 	C:\Program Files\Microsoft\jdk-17.0.8.101-hotspot\bin\msvcp140.dll
0x00007ffb673c0000 - 0x00007ffb68025000 	C:\Program Files\Microsoft\jdk-17.0.8.101-hotspot\bin\server\jvm.dll
0x00007ffbf7db0000 - 0x00007ffbf7e61000 	C:\WINDOWS\System32\ADVAPI32.dll
0x00007ffbf6ea0000 - 0x00007ffbf6f45000 	C:\WINDOWS\System32\sechost.dll
0x00007ffbf7c90000 - 0x00007ffbf7da7000 	C:\WINDOWS\System32\RPCRT4.dll
0x00007ffbf6210000 - 0x00007ffbf625d000 	C:\WINDOWS\SYSTEM32\POWRPROF.dll
0x00007ffbe2e60000 - 0x00007ffbe2e69000 	C:\WINDOWS\SYSTEM32\WSOCK32.dll
0x00007ffbf8f10000 - 0x00007ffbf8f81000 	C:\WINDOWS\System32\WS2_32.dll
0x00007ffbf0460000 - 0x00007ffbf0494000 	C:\WINDOWS\SYSTEM32\WINMM.dll
0x00007ffbf0300000 - 0x00007ffbf030a000 	C:\WINDOWS\SYSTEM32\VERSION.dll
0x00007ffbf61f0000 - 0x00007ffbf6203000 	C:\WINDOWS\SYSTEM32\UMPDC.dll
0x00007ffbf5340000 - 0x00007ffbf5358000 	C:\WINDOWS\SYSTEM32\kernel.appcore.dll
0x00007ffbdd0d0000 - 0x00007ffbdd0da000 	C:\Program Files\Microsoft\jdk-17.0.8.101-hotspot\bin\jimage.dll
0x00007ffbf3c30000 - 0x00007ffbf3e63000 	C:\WINDOWS\SYSTEM32\DBGHELP.DLL
0x00007ffbf7300000 - 0x00007ffbf7689000 	C:\WINDOWS\System32\combase.dll
0x00007ffbf7f50000 - 0x00007ffbf8027000 	C:\WINDOWS\System32\OLEAUT32.dll
0x00007ffbef450000 - 0x00007ffbef482000 	C:\WINDOWS\SYSTEM32\dbgcore.DLL
0x00007ffbf6670000 - 0x00007ffbf66ea000 	C:\WINDOWS\System32\bcryptPrimitives.dll
0x00007ffbb4010000 - 0x00007ffbb4035000 	C:\Program Files\Microsoft\jdk-17.0.8.101-hotspot\bin\java.dll
0x00007ffb6b630000 - 0x00007ffb6b707000 	C:\Program Files\Microsoft\jdk-17.0.8.101-hotspot\bin\jsvml.dll
0x00007ffbf8480000 - 0x00007ffbf8cda000 	C:\WINDOWS\System32\SHELL32.dll
0x00007ffbf4260000 - 0x00007ffbf4b56000 	C:\WINDOWS\SYSTEM32\windows.storage.dll
0x00007ffbf4120000 - 0x00007ffbf425e000 	C:\WINDOWS\SYSTEM32\wintypes.dll
0x00007ffbf8150000 - 0x00007ffbf8243000 	C:\WINDOWS\System32\SHCORE.dll
0x00007ffbf80f0000 - 0x00007ffbf814e000 	C:\WINDOWS\System32\shlwapi.dll
0x00007ffbf6270000 - 0x00007ffbf6296000 	C:\WINDOWS\SYSTEM32\profapi.dll
0x00007ffbb3ff0000 - 0x00007ffbb4009000 	C:\Program Files\Microsoft\jdk-17.0.8.101-hotspot\bin\net.dll
0x00007ffbf08e0000 - 0x00007ffbf0a17000 	C:\WINDOWS\SYSTEM32\WINHTTP.dll
0x00007ffbf57c0000 - 0x00007ffbf5829000 	C:\WINDOWS\system32\mswsock.dll
0x00007ffbb3f30000 - 0x00007ffbb3f46000 	C:\Program Files\Microsoft\jdk-17.0.8.101-hotspot\bin\nio.dll
0x00007ffb95250000 - 0x00007ffb95268000 	C:\Program Files\Microsoft\jdk-17.0.8.101-hotspot\bin\zip.dll
0x00007ffbbec60000 - 0x00007ffbbec70000 	C:\Program Files\Microsoft\jdk-17.0.8.101-hotspot\bin\verify.dll
0x00007ffb94fd0000 - 0x00007ffb94ff7000 	C:\Users\mafruhah\.gradle\native\68d5fa5c4cc2d200863cafc0d521ce42e7d3e7ee720ec0a83991735586a16f82\windows-amd64\native-platform.dll
0x00007ffb6aed0000 - 0x00007ffb6b014000 	C:\Users\mafruhah\.gradle\native\e376f236ea51e6404a007f0833ffe2c6e607c4080706a723a18a27aeea778392\windows-amd64\native-platform-file-events.dll
0x00007ffbbc1f0000 - 0x00007ffbbc1f9000 	C:\Program Files\Microsoft\jdk-17.0.8.101-hotspot\bin\management.dll
0x00007ffbbc120000 - 0x00007ffbbc12b000 	C:\Program Files\Microsoft\jdk-17.0.8.101-hotspot\bin\management_ext.dll
0x00007ffbf70d0000 - 0x00007ffbf70d8000 	C:\WINDOWS\System32\PSAPI.DLL
0x00007ffbf5a10000 - 0x00007ffbf5a2b000 	C:\WINDOWS\SYSTEM32\CRYPTSP.dll
0x00007ffbf52a0000 - 0x00007ffbf52d5000 	C:\WINDOWS\system32\rsaenh.dll
0x00007ffbf58b0000 - 0x00007ffbf58dc000 	C:\WINDOWS\SYSTEM32\USERENV.dll
0x00007ffbf5c00000 - 0x00007ffbf5c28000 	C:\WINDOWS\SYSTEM32\bcrypt.dll
0x00007ffbf5a30000 - 0x00007ffbf5a3c000 	C:\WINDOWS\SYSTEM32\CRYPTBASE.dll
0x00007ffbf4e00000 - 0x00007ffbf4e2d000 	C:\WINDOWS\SYSTEM32\IPHLPAPI.DLL
0x00007ffbf80e0000 - 0x00007ffbf80e9000 	C:\WINDOWS\System32\NSI.dll
0x00007ffbf07d0000 - 0x00007ffbf07e9000 	C:\WINDOWS\SYSTEM32\dhcpcsvc6.DLL
0x00007ffbf07b0000 - 0x00007ffbf07cf000 	C:\WINDOWS\SYSTEM32\dhcpcsvc.DLL
0x00007ffbf4e30000 - 0x00007ffbf4f29000 	C:\WINDOWS\SYSTEM32\DNSAPI.dll
0x00007ffbcb6b0000 - 0x00007ffbcb6be000 	C:\Program Files\Microsoft\jdk-17.0.8.101-hotspot\bin\sunmscapi.dll
0x00007ffbf6760000 - 0x00007ffbf68c6000 	C:\WINDOWS\System32\CRYPT32.dll
0x00007ffbf5bd0000 - 0x00007ffbf5bfd000 	C:\WINDOWS\SYSTEM32\ncrypt.dll
0x00007ffbf5b90000 - 0x00007ffbf5bc7000 	C:\WINDOWS\SYSTEM32\NTASN1.dll
0x00007ffbe36c0000 - 0x00007ffbe36c8000 	C:\WINDOWS\system32\wshunix.dll
0x00007ffbca060000 - 0x00007ffbca077000 	C:\WINDOWS\system32\napinsp.dll
0x00007ffbca040000 - 0x00007ffbca05b000 	C:\WINDOWS\system32\pnrpnsp.dll
0x00007ffbca020000 - 0x00007ffbca031000 	C:\WINDOWS\System32\winrnr.dll
0x00007ffbca000000 - 0x00007ffbca015000 	C:\WINDOWS\system32\wshbth.dll
0x00007ffbc9fd0000 - 0x00007ffbc9ff1000 	C:\WINDOWS\system32\nlansp_c.dll
0x00007ffbebc40000 - 0x00007ffbebc4a000 	C:\Windows\System32\rasadhlp.dll
0x00007ffbefe70000 - 0x00007ffbefef3000 	C:\WINDOWS\System32\fwpuclnt.dll

dbghelp: loaded successfully - version: 4.0.5 - missing functions: none
symbol engine: initialized successfully - sym options: 0x614 - pdb path: .;C:\Program Files\Microsoft\jdk-17.0.8.101-hotspot\bin;C:\WINDOWS\SYSTEM32;C:\Program Files\Avast Software\Avast;C:\WINDOWS\WinSxS\amd64_microsoft.windows.common-controls_6595b64144ccf1df_6.0.22621.2506_none_270c5ae97388e100;C:\Program Files\Microsoft\jdk-17.0.8.101-hotspot\bin\server;C:\Users\mafruhah\.gradle\native\68d5fa5c4cc2d200863cafc0d521ce42e7d3e7ee720ec0a83991735586a16f82\windows-amd64;C:\Users\mafruhah\.gradle\native\e376f236ea51e6404a007f0833ffe2c6e607c4080706a723a18a27aeea778392\windows-amd64

VM Arguments:
jvm_args: -XX:MaxMetaspaceSize=512m --add-opens=java.base/java.util=ALL-UNNAMED --add-opens=java.base/java.lang=ALL-UNNAMED --add-opens=java.base/java.lang.invoke=ALL-UNNAMED --add-opens=java.prefs/java.util.prefs=ALL-UNNAMED --add-opens=java.base/java.nio.charset=ALL-UNNAMED --add-opens=java.base/java.net=ALL-UNNAMED --add-opens=java.base/java.util.concurrent.atomic=ALL-UNNAMED -Xmx2048m -Dfile.encoding=windows-1252 -Duser.country=ID -Duser.language=en -Duser.variant 
java_command: org.gradle.launcher.daemon.bootstrap.GradleDaemon 8.0.1
java_class_path (initial): C:\Users\mafruhah\.gradle\wrapper\dists\gradle-8.0.1-all\aro4hu1c3oeioove7l0i4i14o\gradle-8.0.1\lib\gradle-launcher-8.0.1.jar
Launcher Type: SUN_STANDARD

[Global flags]
     intx CICompilerCount                          = 3                                         {product} {ergonomic}
   size_t CompressedClassSpaceSize                 = 436207616                                 {product} {ergonomic}
     uint ConcGCThreads                            = 1                                         {product} {ergonomic}
     uint G1ConcRefinementThreads                  = 4                                         {product} {ergonomic}
   size_t G1HeapRegionSize                         = 1048576                                   {product} {ergonomic}
    uintx GCDrainStackTargetSize                   = 64                                        {product} {ergonomic}
   size_t InitialHeapSize                          = 132120576                                 {product} {ergonomic}
   size_t MarkStackSize                            = 4194304                                   {product} {ergonomic}
   size_t MaxHeapSize                              = 2147483648                                {product} {command line}
   size_t MaxMetaspaceSize                         = 536870912                                 {product} {command line}
   size_t MaxNewSize                               = 1287651328                                {product} {ergonomic}
   size_t MinHeapDeltaBytes                        = 1048576                                   {product} {ergonomic}
   size_t MinHeapSize                              = 8388608                                   {product} {ergonomic}
    uintx NonNMethodCodeHeapSize                   = 5832780                                {pd product} {ergonomic}
    uintx NonProfiledCodeHeapSize                  = 122912730                              {pd product} {ergonomic}
    uintx ProfiledCodeHeapSize                     = 122912730                              {pd product} {ergonomic}
    uintx ReservedCodeCacheSize                    = 251658240                              {pd product} {ergonomic}
     bool SegmentedCodeCache                       = true                                      {product} {ergonomic}
   size_t SoftMaxHeapSize                          = 2147483648                             {manageable} {ergonomic}
     bool UseCompressedClassPointers               = true                           {product lp64_product} {ergonomic}
     bool UseCompressedOops                        = true                           {product lp64_product} {ergonomic}
     bool UseG1GC                                  = true                                      {product} {ergonomic}
     bool UseLargePagesIndividualAllocation        = false                                  {pd product} {ergonomic}

Logging:
Log output configuration:
 #0: stdout all=warning uptime,level,tags
 #1: stderr all=off uptime,level,tags

Environment Variables:
JAVA_HOME=C:\Program Files\Microsoft\jdk-17.0.8.101-hotspot\
CLASSPATH=D:\PROJECT\Bola\android\\gradle\wrapper\gradle-wrapper.jar
PATH=D:\PROJECT\Bola\node_modules\.bin;D:\PROJECT\Bola\node_modules\.bin;D:\PROJECT\node_modules\.bin;D:\node_modules\.bin;C:\Users\mafruhah\AppData\Roaming\npm\node_modules\npm\node_modules\@npmcli\run-script\lib\node-gyp-bin;C:\Users\mafruhah\AppData\Local\Temp\yarn--1703685456317-0.8687962956047299;D:\PROJECT\Bola\node_modules\.bin;C:\Users\mafruhah\AppData\Local\Yarn\Data\link\node_modules\.bin;C:\Users\mafruhah\AppData\Local\Yarn\bin;C:\Program Files\libexec\lib\node_modules\npm\bin\node-gyp-bin;C:\Program Files\lib\node_modules\npm\bin\node-gyp-bin;C:\Program Files\nodejs\node_modules\npm\bin\node-gyp-bin;C:\Program Files\Common Files\Oracle\Java\javapath;C:\Program Files\Microsoft\jdk-17.0.8.101-hotspot\bin;C:\WINDOWS\system32;C:\WINDOWS;C:\WINDOWS\System32\Wbem;C:\WINDOWS\System32\WindowsPowerShell\v1.0\;C:\WINDOWS\System32\OpenSSH\;C:\Program Files\dotnet\;C:\xampp\php;C:\Program Files\nodejs\;C:\Program Files (x86)\Git\cmd;C:\Users\mafruhah\AppData\Local\Android\Sdk\platform-tools;C:\Users\mafruhah\AppData\Local\Android\Sdk\emulator;C:\ProgramData\ComposerSetup\bin;C:\Users\mafruhah\AppData\Local\Programs\Python\Python311\Scripts\;C:\Users\mafruhah\AppData\Local\Programs\Python\Python311\;C:\Users\mafruhah\AppData\Local\Microsoft\WindowsApps;C:\Users\mafruhah\AppData\Local\Programs\Microsoft VS Code\bin;C:\Users\mafruhah\AppData\Roaming\npm;C:\Users\mafruhah\AppData\Local\Android\Sdk\platform-tools;C:\Users\mafruhah\AppData\Local\Android\Sdk\emulator;C:\Users\mafruhah\AppData\Roaming\Composer\vendor\bin
USERNAME=mafruhah
OS=Windows_NT
PROCESSOR_IDENTIFIER=Intel64 Family 6 Model 126 Stepping 5, GenuineIntel
TMP=C:\Users\mafruhah\AppData\Local\Temp
TEMP=C:\Users\mafruhah\AppData\Local\Temp



---------------  S Y S T E M  ---------------

OS:
 Windows 11 , 64 bit Build 22621 (10.0.22621.2506)
OS uptime: 4 days 13:54 hours

CPU: total 4 (initial active 4) (2 cores per cpu, 2 threads per core) family 6 model 126 stepping 5 microcode 0xc2, cx8, cmov, fxsr, ht, mmx, 3dnowpref, sse, sse2, sse3, ssse3, sse4.1, sse4.2, popcnt, lzcnt, tsc, tscinvbit, avx, avx2, aes, erms, clmul, bmi1, bmi2, adx, avx512f, avx512dq, avx512cd, avx512bw, avx512vl, sha, fma, vzeroupper, avx512_vpopcntdq, avx512_vpclmulqdq, avx512_vaes, avx512_vnni, clflush, clflushopt, avx512_vbmi2, avx512_vbmi
Processor Information for all 4 processors :
  Max Mhz: 1190, Current Mhz: 1190, Mhz Limit: 1190

Memory: 4k page, system-wide physical 7958M (115M free)
TotalPageFile size 20797M (AvailPageFile size 3956M)
current process WorkingSet (physical memory assigned to process): 376M, peak: 382M
current process commit charge ("private bytes"): 531M, peak: 536M

vm_info: OpenJDK 64-Bit Server VM (17.0.8.1+1-LTS) for windows-amd64 JRE (17.0.8.1+1-LTS), built on Aug 23 2023 17:38:52 by "MicrosoftCorporation" with MS VC++ 16.10 / 16.11 (VS2019)

END.
